\BOOKMARK [1][-]{section*.1}{\376\377\004\022\004\022\004\025\004\024\004\025\004\035\004\030\004\025}{}% 1
\BOOKMARK [1][-]{section.1}{\376\377\004\041\004\103\004\074\004\074\004\060\000\040\004\104\004\103\004\075\004\072\004\106\004\070\004\076\004\075\004\060\004\073\004\114\004\075\004\076\004\063\004\076\000\040\004\100\004\117\004\064\004\060}{}% 2
\BOOKMARK [2][-]{subsubsection.1.0.1}{\376\377\004\032\004\076\004\064}{section.1}% 3
\BOOKMARK [3][-]{subsubsection.1.0.2}{\376\377\004\022\004\113\004\062\004\076\004\064}{subsubsection.1.0.1}% 4
\BOOKMARK [1][-]{section.2}{\376\377\004\030\004\075\004\102\004\065\004\100\004\077\004\076\004\073\004\117\004\106\004\070\004\117\000\040\004\104\004\103\004\075\004\072\004\106\004\070\004\071\000\040\004\076\004\064\004\075\004\076\004\063\004\076\000\040\004\060\004\100\004\063\004\103\004\074\004\065\004\075\004\102\004\060}{}% 5
\BOOKMARK [2][-]{subsection.2.1}{\376\377\004\030\004\075\004\102\004\065\004\100\004\077\004\076\004\073\004\117\004\106\004\070\004\076\004\075\004\075\004\113\004\071\000\040\004\074\004\075\004\076\004\063\004\076\004\107\004\073\004\065\004\075\000\040\004\062\000\040\004\076\004\061\004\111\004\065\004\074\000\040\004\062\004\070\004\064\004\065}{section.2}% 6
\BOOKMARK [3][-]{subsubsection.2.1.1}{\376\377\004\032\004\076\004\064}{subsection.2.1}% 7
\BOOKMARK [3][-]{subsubsection.2.1.2}{\376\377\004\022\004\113\004\062\004\076\004\064}{subsection.2.1}% 8
\BOOKMARK [2][-]{subsection.2.2}{\376\377\004\030\004\075\004\102\004\065\004\100\004\077\004\076\004\073\004\117\004\106\004\070\004\076\004\075\004\075\004\113\004\071\000\040\004\074\004\075\004\076\004\063\004\076\004\107\004\073\004\065\004\075\000\040\004\062\000\040\004\104\004\076\004\100\004\074\004\065\000\040\004\033\004\060\004\063\004\100\004\060\004\075\004\066\004\060}{section.2}% 9
\BOOKMARK [3][-]{subsubsection.2.2.1}{\376\377\004\032\004\076\004\064}{subsection.2.2}% 10
\BOOKMARK [3][-]{subsubsection.2.2.2}{\376\377\004\022\004\113\004\062\004\076\004\064}{subsection.2.2}% 11
\BOOKMARK [2][-]{subsection.2.3}{\376\377\004\030\004\075\004\102\004\065\004\100\004\077\004\076\004\073\004\117\004\106\004\070\004\076\004\075\004\075\004\113\004\071\000\040\004\074\004\075\004\076\004\063\004\076\004\107\004\073\004\065\004\075\000\040\004\062\000\040\004\104\004\076\004\100\004\074\004\065\000\040\004\035\004\114\004\116\004\102\004\076\004\075\004\060}{section.2}% 12
\BOOKMARK [3][-]{subsubsection.2.3.1}{\376\377\004\032\004\076\004\064}{subsection.2.3}% 13
\BOOKMARK [3][-]{subsubsection.2.3.2}{\376\377\004\022\004\113\004\062\004\076\004\064}{subsection.2.3}% 14
\BOOKMARK [2][-]{subsection.2.4}{\376\377\004\030\004\075\004\102\004\065\004\100\004\077\004\076\004\073\004\117\004\106\004\070\004\117\000\040\004\101\000\040\004\077\004\076\004\074\004\076\004\111\004\114\004\116\000\040\004\072\004\103\004\061\004\070\004\107\004\065\004\101\004\072\004\070\004\105\000\040\004\101\004\077\004\073\004\060\004\071\004\075\004\076\004\062}{section.2}% 15
\BOOKMARK [3][-]{subsubsection.2.4.1}{\376\377\004\032\004\076\004\064}{subsection.2.4}% 16
\BOOKMARK [3][-]{subsubsection.2.4.2}{\376\377\004\022\004\113\004\062\004\076\004\064}{subsection.2.4}% 17
\BOOKMARK [1][-]{section.3}{\376\377\004\047\004\070\004\101\004\073\004\065\004\075\004\075\004\113\004\065\000\040\004\074\004\065\004\102\004\076\004\064\004\113\000\040\004\100\004\065\004\110\004\065\004\075\004\070\004\117\000\040\004\041\004\033\004\020\004\043}{}% 18
\BOOKMARK [2][-]{subsection.3.1}{\376\377\004\034\004\065\004\102\004\076\004\064\000\040\004\023\004\060\004\103\004\101\004\101\004\060\000\040\004\100\004\065\004\110\004\065\004\075\004\070\004\117\000\040\004\041\004\033\004\020\004\043}{section.3}% 19
\BOOKMARK [3][-]{subsubsection.3.1.1}{\376\377\004\032\004\076\004\064}{subsection.3.1}% 20
\BOOKMARK [3][-]{subsubsection.3.1.2}{\376\377\004\022\004\113\004\062\004\076\004\064}{subsection.3.1}% 21
\BOOKMARK [2][-]{subsection.3.2}{\376\377\004\037\004\100\004\070\004\073\004\076\004\066\004\065\004\075\004\070\004\117\000\040\004\074\004\065\004\102\004\076\004\064\004\060\000\040\004\023\004\060\004\103\004\101\004\101\004\060}{section.3}% 22
\BOOKMARK [3][-]{subsubsection.3.2.1}{\376\377\004\032\004\076\004\064}{subsection.3.2}% 23
\BOOKMARK [3][-]{subsubsection.3.2.2}{\376\377\004\022\004\113\004\062\004\076\004\064}{subsection.3.2}% 24
\BOOKMARK [2][-]{subsection.3.3}{\376\377\004\034\004\065\004\102\004\076\004\064\000\040\004\077\004\100\004\076\004\063\004\076\004\075\004\072\004\070\000\040\004\100\004\065\004\110\004\065\004\075\004\070\004\117\000\040\004\041\004\033\004\020\004\043\000\040\004\101\000\040\004\102\004\100\004\121\004\105\004\064\004\070\004\060\004\063\004\076\004\075\004\060\004\073\004\114\004\075\004\076\004\071\000\040\004\074\004\060\004\102\004\100\004\070\004\106\004\065\004\071\000\040\004\072\004\076\004\115\004\104\004\104\004\070\004\106\004\070\004\065\004\075\004\102\004\076\004\062}{section.3}% 25
\BOOKMARK [3][-]{subsubsection.3.3.1}{\376\377\004\032\004\076\004\064}{subsection.3.3}% 26
\BOOKMARK [3][-]{subsubsection.3.3.2}{\376\377\004\022\004\113\004\062\004\076\004\064}{subsection.3.3}% 27
\BOOKMARK [1][-]{section.4}{\376\377\004\047\004\070\004\101\004\073\004\065\004\075\004\075\004\113\004\065\000\040\004\074\004\065\004\102\004\076\004\064\004\113\000\040\004\100\004\065\004\110\004\065\004\075\004\070\004\117\000\040\004\064\004\070\004\104\004\104\004\065\004\100\004\065\004\075\004\106\004\070\004\060\004\073\004\114\004\075\004\113\004\105\000\040\004\103\004\100\004\060\004\062\004\075\004\065\004\075\004\070\004\071}{}% 28
\BOOKMARK [2][-]{subsection.4.1}{\376\377\004\034\004\065\004\102\004\076\004\064\000\040\004\055\004\071\004\073\004\065\004\100\004\060\000\040\004\100\004\065\004\110\004\065\004\075\004\070\004\117\000\040\004\067\004\060\004\064\004\060\004\107\004\070\000\040\004\032\004\076\004\110\004\070\000\040\004\064\004\073\004\117\000\040\004\076\004\061\004\113\004\072\004\075\004\076\004\062\004\065\004\075\004\075\004\076\004\063\004\076\000\040\004\064\004\070\004\104\004\104\004\065\004\100\004\065\004\075\004\106\004\070\004\060\004\073\004\114\004\075\004\076\004\063\004\076\000\040\004\103\004\100\004\060\004\062\004\075\004\065\004\075\004\070\004\117\000\040\000\050\004\036\004\024\004\043\000\051\000\040\0001\000-\004\063\004\076\000\040\004\077\004\076\004\100\004\117\004\064\004\072\004\060}{section.4}% 29
\BOOKMARK [3][-]{subsubsection.4.1.1}{\376\377\004\032\004\076\004\064}{subsection.4.1}% 30
\BOOKMARK [3][-]{subsubsection.4.1.2}{\376\377\004\022\004\113\004\062\004\076\004\064}{subsection.4.1}% 31
\BOOKMARK [2][-]{subsection.4.2}{\376\377\004\040\004\060\004\067\004\075\004\076\004\101\004\102\004\075\004\113\004\071\000\040\004\074\004\065\004\102\004\076\004\064\000\040\004\100\004\065\004\110\004\065\004\075\004\070\004\117\000\040\004\072\004\100\004\060\004\065\004\062\004\076\004\071\000\040\004\067\004\060\004\064\004\060\004\107\004\070\000\040\004\064\004\073\004\117\000\040\004\036\004\024\004\043\000\040\0002\000-\004\063\004\076\000\040\004\077\004\076\004\100\004\117\004\064\004\072\004\060}{section.4}% 32
\BOOKMARK [3][-]{subsubsection.4.2.1}{\376\377\004\032\004\076\004\064}{subsection.4.2}% 33
\BOOKMARK [3][-]{subsubsection.4.2.2}{\376\377\004\022\004\113\004\062\004\076\004\064}{subsection.4.2}% 34
\BOOKMARK [2][-]{subsection.4.3}{\376\377\004\034\004\065\004\102\004\076\004\064\000\040\004\075\004\065\004\076\004\077\004\100\004\065\004\064\004\065\004\073\004\121\004\075\004\075\004\113\004\105\000\040\004\072\004\076\004\115\004\104\004\104\004\070\004\106\004\070\004\065\004\075\004\102\004\076\004\062\000\040\004\100\004\065\004\110\004\065\004\075\004\070\004\117\000\040\004\072\004\100\004\060\004\065\004\062\004\076\004\071\000\040\004\067\004\060\004\064\004\060\004\107\004\070\000\040\004\064\004\073\004\117\000\040\004\036\004\024\004\043\000\040\0002\000-\004\063\004\076\000\040\004\077\004\076\004\100\004\117\004\064\004\072\004\060}{section.4}% 35
\BOOKMARK [3][-]{subsubsection.4.3.1}{\376\377\004\032\004\076\004\064}{subsection.4.3}% 36
\BOOKMARK [3][-]{subsubsection.4.3.2}{\376\377\004\022\004\113\004\062\004\076\004\064}{subsection.4.3}% 37
\BOOKMARK [1][-]{section.5}{\376\377\004\047\004\070\004\101\004\073\004\065\004\075\004\075\004\113\004\065\000\040\004\074\004\065\004\102\004\076\004\064\004\113\000\040\004\100\004\065\004\110\004\065\004\075\004\070\004\117\000\040\004\070\004\075\004\102\004\065\004\063\004\100\004\060\004\073\004\114\004\075\004\113\004\105\000\040\004\103\004\100\004\060\004\062\004\075\004\065\004\075\004\070\004\071}{}% 38
\BOOKMARK [2][-]{subsection.5.1}{\376\377\004\040\004\065\004\110\004\065\004\075\004\070\004\065\000\040\004\070\004\075\004\102\004\065\004\063\004\100\004\060\004\073\004\114\004\075\004\076\004\063\004\076\000\040\004\103\004\100\004\060\004\062\004\075\004\065\004\075\004\070\004\117\000\040\004\044\004\100\004\065\004\064\004\063\004\076\004\073\004\114\004\074\004\060\000\040\004\062\000\040\004\101\004\073\004\103\004\107\004\060\004\065\000\040\004\062\004\113\004\100\004\076\004\066\004\064\004\065\004\075\004\075\004\076\004\063\004\076\000\040\004\117\004\064\004\100\004\060}{section.5}% 39
\BOOKMARK [3][-]{subsubsection.5.1.1}{\376\377\004\032\004\076\004\064}{subsection.5.1}% 40
\BOOKMARK [3][-]{subsubsection.5.1.2}{\376\377\004\022\004\113\004\062\004\076\004\064}{subsection.5.1}% 41
\BOOKMARK [2][-]{subsection.5.2}{\376\377\004\040\004\065\004\110\004\065\004\075\004\070\004\065\000\040\004\070\004\075\004\102\004\065\004\063\004\100\004\060\004\073\004\114\004\075\004\076\004\063\004\076\000\040\004\103\004\100\004\060\004\062\004\075\004\065\004\075\004\070\004\117\000\040\004\044\004\100\004\065\004\064\004\063\004\076\004\073\004\114\004\074\004\060\000\040\004\072\004\062\004\060\004\064\004\100\004\060\004\102\004\103\004\100\004\075\004\113\004\074\000\040\004\074\004\065\004\102\004\076\004\064\004\076\004\074}{section.5}% 42
\BOOKMARK [3][-]{subsubsection.5.2.1}{\376\377\004\032\004\076\004\064}{subsection.5.2}% 43
\BOOKMARK [3][-]{subsubsection.5.2.2}{\376\377\004\022\004\113\004\062\004\076\004\064}{subsection.5.2}% 44
\BOOKMARK [1][-]{section*.23}{\376\377\004\027\004\020\004\032\004\033\004\056\004\047\004\025\004\035\004\030\004\025}{}% 45
\BOOKMARK [1][-]{appendix.A}{\376\377\004\035\004\103\004\074\004\065\004\100\004\103\004\065\004\074\004\113\004\065\000\040\004\076\004\061\004\112\004\065\004\072\004\102\004\113\000\040\004\062\000\040\004\077\004\100\004\070\004\073\004\076\004\066\004\065\004\075\004\070\004\070}{}% 46
\BOOKMARK [1][-]{appendix.B}{\376\377\004\033\004\070\004\101\004\102\004\070\004\075\004\063\000\040\004\077\004\100\004\076\004\063\004\100\004\060\004\074\004\074\004\113}{}% 47
