This is pdfTeX, Version 3.141592653-2.6-1.40.22 (TeX Live 2022/dev/Debian) (preloaded format=pdflatex 2024.6.25)  25 JUN 2024 08:01
entering extended mode
 restricted \write18 enabled.
 %&-line parsing enabled.
**work.tex return
(./work.tex
LaTeX2e <2021-11-15> patch level 1
L3 programming layer <2022-01-21> (./SCWorks.cls
(/usr/share/texlive/texmf-dist/tex/latex/extsizes/extarticle.cls
Document Class: extarticle 1996/10/08 v1.0 Non Standard LaTeX document class
(/usr/share/texlive/texmf-dist/tex/latex/extsizes/size14.clo
File: size14.clo 1999/11/11 v1.4a NON-Standard LaTeX file (size option)
)
(/usr/share/texlive/texmf-dist/tex/latex/base/exscale.sty
Package: exscale 2018/09/24 v2.1i Standard LaTeX package exscale
LaTeX Font Info:    Redeclaring symbol font `largesymbols' on input line 57.
LaTeX Font Info:    Overwriting symbol font `largesymbols' in version `normal'
(Font)                  OMX/cmex/m/n --> OMX/cmex/m/n on input line 57.
LaTeX Font Info:    Overwriting symbol font `largesymbols' in version `bold'
(Font)                  OMX/cmex/m/n --> OMX/cmex/m/n on input line 57.
\big@size=\dimen138
)
\c@part=\count185
\c@section=\count186
\c@subsection=\count187
\c@subsubsection=\count188
\c@paragraph=\count189
\c@subparagraph=\count190
\c@figure=\count191
\c@table=\count192
\abovecaptionskip=\skip47
\belowcaptionskip=\skip48
\bibindent=\dimen139
)
(/usr/share/texlive/texmf-dist/tex/latex/geometry/geometry.sty
Package: geometry 2020/01/02 v5.9 Page Geometry

(/usr/share/texlive/texmf-dist/tex/latex/graphics/keyval.sty
Package: keyval 2014/10/28 v1.15 key=value parser (DPC)
\KV@toks@=\toks16
)
(/usr/share/texlive/texmf-dist/tex/generic/iftex/ifvtex.sty
Package: ifvtex 2019/10/25 v1.7 ifvtex legacy package. Use iftex instead.

(/usr/share/texlive/texmf-dist/tex/generic/iftex/iftex.sty
Package: iftex 2020/03/06 v1.0d TeX engine tests
))
\Gm@cnth=\count193
\Gm@cntv=\count194
\c@Gm@tempcnt=\count195
\Gm@bindingoffset=\dimen140
\Gm@wd@mp=\dimen141
\Gm@odd@mp=\dimen142
\Gm@even@mp=\dimen143
\Gm@layoutwidth=\dimen144
\Gm@layoutheight=\dimen145
\Gm@layouthoffset=\dimen146
\Gm@layoutvoffset=\dimen147
\Gm@dimlist=\toks17
)
(/usr/share/texlive/texmf-dist/tex/latex/setspace/setspace.sty
Package: setspace 2011/12/19 v6.7a set line spacing
)
(/usr/share/texlive/texmf-dist/tex/latex/tools/calc.sty
Package: calc 2017/05/25 v4.3 Infix arithmetic (KKT,FJ)
\calc@Acount=\count196
\calc@Bcount=\count197
\calc@Adimen=\dimen148
\calc@Bdimen=\dimen149
\calc@Askip=\skip49
\calc@Bskip=\skip50
LaTeX Info: Redefining \setlength on input line 80.
LaTeX Info: Redefining \addtolength on input line 81.
\calc@Ccount=\count198
\calc@Cskip=\skip51
)
(/usr/share/texlive/texmf-dist/tex/latex/titlesec/titlesec.sty
Package: titlesec 2021/07/05 v2.14 Sectioning titles
\ttl@box=\box50
\beforetitleunit=\skip52
\aftertitleunit=\skip53
\ttl@plus=\dimen150
\ttl@minus=\dimen151
\ttl@toksa=\toks18
\titlewidth=\dimen152
\titlewidthlast=\dimen153
\titlewidthfirst=\dimen154
)
(/usr/share/texlive/texmf-dist/tex/latex/titlesec/titletoc.sty
Package: titletoc 2021/07/05 v2.14 TOC entries
\ttl@leftsep=\dimen155
)
(/usr/share/texlive/texmf-dist/tex/latex/caption/caption.sty
Package: caption 2020/10/26 v3.5g Customizing captions (AR)

(/usr/share/texlive/texmf-dist/tex/latex/caption/caption3.sty
Package: caption3 2020/10/21 v2.2e caption3 kernel (AR)
\captionmargin=\dimen156
\captionmargin@=\dimen157
\captionwidth=\dimen158
\caption@tempdima=\dimen159
\caption@indent=\dimen160
\caption@parindent=\dimen161
\caption@hangindent=\dimen162
Package caption Info: Standard document class detected.
)
\c@caption@flags=\count199
\c@continuedfloat=\count266
)
(/usr/share/texlive/texmf-dist/tex/latex/graphics/graphicx.sty
Package: graphicx 2021/09/16 v1.2d Enhanced LaTeX Graphics (DPC,SPQR)

(/usr/share/texlive/texmf-dist/tex/latex/graphics/graphics.sty
Package: graphics 2021/03/04 v1.4d Standard LaTeX Graphics (DPC,SPQR)

(/usr/share/texlive/texmf-dist/tex/latex/graphics/trig.sty
Package: trig 2021/08/11 v1.11 sin cos tan (DPC)
)
(/usr/share/texlive/texmf-dist/tex/latex/graphics-cfg/graphics.cfg
File: graphics.cfg 2016/06/04 v1.11 sample graphics configuration
)
Package graphics Info: Driver file: pdftex.def on input line 107.

(/usr/share/texlive/texmf-dist/tex/latex/graphics-def/pdftex.def
File: pdftex.def 2020/10/05 v1.2a Graphics/color driver for pdftex
))
\Gin@req@height=\dimen163
\Gin@req@width=\dimen164
)
(/usr/share/texlive/texmf-dist/tex/latex/enumitem/enumitem.sty
Package: enumitem 2019/06/20 v3.9 Customized lists
\labelindent=\skip54
\enit@outerparindent=\dimen165
\enit@toks=\toks19
\enit@inbox=\box51
\enit@count@id=\count267
\enitdp@description=\count268
)
(/usr/share/texlive/texmf-dist/tex/latex/psnfss/times.sty
Package: times 2020/03/25 PSNFSS-v9.3 (SPQR) 
)
\tmp=\skip55
)
(/usr/share/texlive/texmf-dist/tex/latex/base/fontenc.sty
Package: fontenc 2021/04/29 v2.0v Standard LaTeX package

(/usr/share/texlive/texmf-dist/tex/latex/cyrillic/t2aenc.def
File: t2aenc.def 2005/09/27 v1.0i Cyrillic encoding definition file
Now handling font encoding T2A ...
... processing UTF-8 mapping file for font encoding T2A

(/usr/share/texlive/texmf-dist/tex/latex/base/t2aenc.dfu
File: t2aenc.dfu 2021/06/21 v1.2n UTF-8 support
   defining Unicode char U+00A4 (decimal 164)
   defining Unicode char U+00A7 (decimal 167)
   defining Unicode char U+00AB (decimal 171)
   defining Unicode char U+00BB (decimal 187)
   defining Unicode char U+0131 (decimal 305)
   defining Unicode char U+0237 (decimal 567)
   defining Unicode char U+0400 (decimal 1024)
   defining Unicode char U+0401 (decimal 1025)
   defining Unicode char U+0402 (decimal 1026)
   defining Unicode char U+0403 (decimal 1027)
   defining Unicode char U+0404 (decimal 1028)
   defining Unicode char U+0405 (decimal 1029)
   defining Unicode char U+0406 (decimal 1030)
   defining Unicode char U+0407 (decimal 1031)
   defining Unicode char U+0408 (decimal 1032)
   defining Unicode char U+0409 (decimal 1033)
   defining Unicode char U+040A (decimal 1034)
   defining Unicode char U+040B (decimal 1035)
   defining Unicode char U+040C (decimal 1036)
   defining Unicode char U+040D (decimal 1037)
   defining Unicode char U+040E (decimal 1038)
   defining Unicode char U+040F (decimal 1039)
   defining Unicode char U+0410 (decimal 1040)
   defining Unicode char U+0411 (decimal 1041)
   defining Unicode char U+0412 (decimal 1042)
   defining Unicode char U+0413 (decimal 1043)
   defining Unicode char U+0414 (decimal 1044)
   defining Unicode char U+0415 (decimal 1045)
   defining Unicode char U+0416 (decimal 1046)
   defining Unicode char U+0417 (decimal 1047)
   defining Unicode char U+0418 (decimal 1048)
   defining Unicode char U+0419 (decimal 1049)
   defining Unicode char U+041A (decimal 1050)
   defining Unicode char U+041B (decimal 1051)
   defining Unicode char U+041C (decimal 1052)
   defining Unicode char U+041D (decimal 1053)
   defining Unicode char U+041E (decimal 1054)
   defining Unicode char U+041F (decimal 1055)
   defining Unicode char U+0420 (decimal 1056)
   defining Unicode char U+0421 (decimal 1057)
   defining Unicode char U+0422 (decimal 1058)
   defining Unicode char U+0423 (decimal 1059)
   defining Unicode char U+0424 (decimal 1060)
   defining Unicode char U+0425 (decimal 1061)
   defining Unicode char U+0426 (decimal 1062)
   defining Unicode char U+0427 (decimal 1063)
   defining Unicode char U+0428 (decimal 1064)
   defining Unicode char U+0429 (decimal 1065)
   defining Unicode char U+042A (decimal 1066)
   defining Unicode char U+042B (decimal 1067)
   defining Unicode char U+042C (decimal 1068)
   defining Unicode char U+042D (decimal 1069)
   defining Unicode char U+042E (decimal 1070)
   defining Unicode char U+042F (decimal 1071)
   defining Unicode char U+0430 (decimal 1072)
   defining Unicode char U+0431 (decimal 1073)
   defining Unicode char U+0432 (decimal 1074)
   defining Unicode char U+0433 (decimal 1075)
   defining Unicode char U+0434 (decimal 1076)
   defining Unicode char U+0435 (decimal 1077)
   defining Unicode char U+0436 (decimal 1078)
   defining Unicode char U+0437 (decimal 1079)
   defining Unicode char U+0438 (decimal 1080)
   defining Unicode char U+0439 (decimal 1081)
   defining Unicode char U+043A (decimal 1082)
   defining Unicode char U+043B (decimal 1083)
   defining Unicode char U+043C (decimal 1084)
   defining Unicode char U+043D (decimal 1085)
   defining Unicode char U+043E (decimal 1086)
   defining Unicode char U+043F (decimal 1087)
   defining Unicode char U+0440 (decimal 1088)
   defining Unicode char U+0441 (decimal 1089)
   defining Unicode char U+0442 (decimal 1090)
   defining Unicode char U+0443 (decimal 1091)
   defining Unicode char U+0444 (decimal 1092)
   defining Unicode char U+0445 (decimal 1093)
   defining Unicode char U+0446 (decimal 1094)
   defining Unicode char U+0447 (decimal 1095)
   defining Unicode char U+0448 (decimal 1096)
   defining Unicode char U+0449 (decimal 1097)
   defining Unicode char U+044A (decimal 1098)
   defining Unicode char U+044B (decimal 1099)
   defining Unicode char U+044C (decimal 1100)
   defining Unicode char U+044D (decimal 1101)
   defining Unicode char U+044E (decimal 1102)
   defining Unicode char U+044F (decimal 1103)
   defining Unicode char U+0450 (decimal 1104)
   defining Unicode char U+0451 (decimal 1105)
   defining Unicode char U+0452 (decimal 1106)
   defining Unicode char U+0453 (decimal 1107)
   defining Unicode char U+0454 (decimal 1108)
   defining Unicode char U+0455 (decimal 1109)
   defining Unicode char U+0456 (decimal 1110)
   defining Unicode char U+0457 (decimal 1111)
   defining Unicode char U+0458 (decimal 1112)
   defining Unicode char U+0459 (decimal 1113)
   defining Unicode char U+045A (decimal 1114)
   defining Unicode char U+045B (decimal 1115)
   defining Unicode char U+045C (decimal 1116)
   defining Unicode char U+045D (decimal 1117)
   defining Unicode char U+045E (decimal 1118)
   defining Unicode char U+045F (decimal 1119)
   defining Unicode char U+0490 (decimal 1168)
   defining Unicode char U+0491 (decimal 1169)
   defining Unicode char U+0492 (decimal 1170)
   defining Unicode char U+0493 (decimal 1171)
   defining Unicode char U+0496 (decimal 1174)
   defining Unicode char U+0497 (decimal 1175)
   defining Unicode char U+0498 (decimal 1176)
   defining Unicode char U+0499 (decimal 1177)
   defining Unicode char U+049A (decimal 1178)
   defining Unicode char U+049B (decimal 1179)
   defining Unicode char U+049C (decimal 1180)
   defining Unicode char U+049D (decimal 1181)
   defining Unicode char U+04A0 (decimal 1184)
   defining Unicode char U+04A1 (decimal 1185)
   defining Unicode char U+04A2 (decimal 1186)
   defining Unicode char U+04A3 (decimal 1187)
   defining Unicode char U+04A4 (decimal 1188)
   defining Unicode char U+04A5 (decimal 1189)
   defining Unicode char U+04AA (decimal 1194)
   defining Unicode char U+04AB (decimal 1195)
   defining Unicode char U+04AE (decimal 1198)
   defining Unicode char U+04AF (decimal 1199)
   defining Unicode char U+04B0 (decimal 1200)
   defining Unicode char U+04B1 (decimal 1201)
   defining Unicode char U+04B2 (decimal 1202)
   defining Unicode char U+04B3 (decimal 1203)
   defining Unicode char U+04B6 (decimal 1206)
   defining Unicode char U+04B7 (decimal 1207)
   defining Unicode char U+04B8 (decimal 1208)
   defining Unicode char U+04B9 (decimal 1209)
   defining Unicode char U+04BA (decimal 1210)
   defining Unicode char U+04BB (decimal 1211)
   defining Unicode char U+04C0 (decimal 1216)
   defining Unicode char U+04C1 (decimal 1217)
   defining Unicode char U+04C2 (decimal 1218)
   defining Unicode char U+04D0 (decimal 1232)
   defining Unicode char U+04D1 (decimal 1233)
   defining Unicode char U+04D2 (decimal 1234)
   defining Unicode char U+04D3 (decimal 1235)
   defining Unicode char U+04D4 (decimal 1236)
   defining Unicode char U+04D5 (decimal 1237)
   defining Unicode char U+04D6 (decimal 1238)
   defining Unicode char U+04D7 (decimal 1239)
   defining Unicode char U+04D8 (decimal 1240)
   defining Unicode char U+04D9 (decimal 1241)
   defining Unicode char U+04DA (decimal 1242)
   defining Unicode char U+04DB (decimal 1243)
   defining Unicode char U+04DC (decimal 1244)
   defining Unicode char U+04DD (decimal 1245)
   defining Unicode char U+04DE (decimal 1246)
   defining Unicode char U+04DF (decimal 1247)
   defining Unicode char U+04E2 (decimal 1250)
   defining Unicode char U+04E3 (decimal 1251)
   defining Unicode char U+04E4 (decimal 1252)
   defining Unicode char U+04E5 (decimal 1253)
   defining Unicode char U+04E6 (decimal 1254)
   defining Unicode char U+04E7 (decimal 1255)
   defining Unicode char U+04E8 (decimal 1256)
   defining Unicode char U+04E9 (decimal 1257)
   defining Unicode char U+04EC (decimal 1260)
   defining Unicode char U+04ED (decimal 1261)
   defining Unicode char U+04EE (decimal 1262)
   defining Unicode char U+04EF (decimal 1263)
   defining Unicode char U+04F0 (decimal 1264)
   defining Unicode char U+04F1 (decimal 1265)
   defining Unicode char U+04F2 (decimal 1266)
   defining Unicode char U+04F3 (decimal 1267)
   defining Unicode char U+04F4 (decimal 1268)
   defining Unicode char U+04F5 (decimal 1269)
   defining Unicode char U+04F8 (decimal 1272)
   defining Unicode char U+04F9 (decimal 1273)
   defining Unicode char U+200C (decimal 8204)
   defining Unicode char U+2013 (decimal 8211)
   defining Unicode char U+2014 (decimal 8212)
   defining Unicode char U+2018 (decimal 8216)
   defining Unicode char U+2019 (decimal 8217)
   defining Unicode char U+201C (decimal 8220)
   defining Unicode char U+201D (decimal 8221)
   defining Unicode char U+201E (decimal 8222)
   defining Unicode char U+2030 (decimal 8240)
   defining Unicode char U+2031 (decimal 8241)
   defining Unicode char U+2116 (decimal 8470)
   defining Unicode char U+2329 (decimal 9001)
   defining Unicode char U+232A (decimal 9002)
   defining Unicode char U+2423 (decimal 9251)
   defining Unicode char U+27E8 (decimal 10216)
   defining Unicode char U+27E9 (decimal 10217)
   defining Unicode char U+FB00 (decimal 64256)
   defining Unicode char U+FB01 (decimal 64257)
   defining Unicode char U+FB02 (decimal 64258)
   defining Unicode char U+FB03 (decimal 64259)
   defining Unicode char U+FB04 (decimal 64260)
   defining Unicode char U+FB05 (decimal 64261)
   defining Unicode char U+FB06 (decimal 64262)
))
LaTeX Font Info:    Trying to load font information for T2A+ptm on input line 1
12.
LaTeX Font Info:    No file T2Aptm.fd. on input line 112.
LaTeX Font Info:    Trying to load font information for T2A+cmr on input line 1
12.

(/usr/share/texlive/texmf-dist/tex/latex/cyrillic/t2acmr.fd
File: t2acmr.fd 2001/08/11 v1.0a Computer Modern Cyrillic font definitions
)

LaTeX Font Warning: Font shape `T2A/ptm/m/n' undefined
(Font)              using `T2A/cmr/m/n' instead on input line 112.

) (/usr/share/texlive/texmf-dist/tex/latex/base/inputenc.sty
Package: inputenc 2021/02/14 v1.3d Input encoding file
\inpenc@prehook=\toks20
\inpenc@posthook=\toks21
)
(/usr/share/texlive/texmf-dist/tex/latex/listings/listings.sty
\lst@mode=\count269
\lst@gtempboxa=\box52
\lst@token=\toks22
\lst@length=\count270
\lst@currlwidth=\dimen166
\lst@column=\count271
\lst@pos=\count272
\lst@lostspace=\dimen167
\lst@width=\dimen168
\lst@newlines=\count273
\lst@lineno=\count274
\lst@maxwidth=\dimen169

(/usr/share/texlive/texmf-dist/tex/latex/listings/lstmisc.sty
File: lstmisc.sty 2020/03/24 1.8d (Carsten Heinz)
\c@lstnumber=\count275
\lst@skipnumbers=\count276
\lst@framebox=\box53
)
(/usr/share/texlive/texmf-dist/tex/latex/listings/listings.cfg
File: listings.cfg 2020/03/24 1.8d listings configuration
))
Package: listings 2020/03/24 1.8d (Carsten Heinz)

(/usr/share/texlive/texmf-dist/tex/latex/xcolor/xcolor.sty
Package: xcolor 2021/10/31 v2.13 LaTeX color extensions (UK)

(/usr/share/texlive/texmf-dist/tex/latex/graphics-cfg/color.cfg
File: color.cfg 2016/01/02 v1.6 sample color configuration
)
Package xcolor Info: Driver file: pdftex.def on input line 227.
Package xcolor Info: Model `cmy' substituted by `cmy0' on input line 1352.
Package xcolor Info: Model `hsb' substituted by `rgb' on input line 1356.
Package xcolor Info: Model `RGB' extended on input line 1368.
Package xcolor Info: Model `HTML' substituted by `rgb' on input line 1370.
Package xcolor Info: Model `Hsb' substituted by `hsb' on input line 1371.
Package xcolor Info: Model `tHsb' substituted by `hsb' on input line 1372.
Package xcolor Info: Model `HSB' substituted by `hsb' on input line 1373.
Package xcolor Info: Model `Gray' substituted by `gray' on input line 1374.
Package xcolor Info: Model `wave' substituted by `hsb' on input line 1375.
)
(/usr/share/texlive/texmf-dist/tex/latex/listings/lstlang1.sty
File: lstlang1.sty 2020/03/24 1.8d listings language file
)
(/usr/share/texlive/texmf-dist/tex/latex/listings/lstlang1.sty
File: lstlang1.sty 2020/03/24 1.8d listings language file
)
(/usr/share/texlive/texmf-dist/tex/latex/listings/lstmisc.sty
File: lstmisc.sty 2020/03/24 1.8d (Carsten Heinz)
)
(/usr/share/texlive/texmf-dist/tex/latex/cite/cite.sty
LaTeX Info: Redefining \cite on input line 302.
LaTeX Info: Redefining \nocite on input line 332.
Package: cite 2015/02/27  v 5.5
)
(/usr/share/texlive/texmf-dist/tex/latex/amsmath/amsmath.sty
Package: amsmath 2021/10/15 v2.17l AMS math features
\@mathmargin=\skip56

For additional information on amsmath, use the `?' option.
(/usr/share/texlive/texmf-dist/tex/latex/amsmath/amstext.sty
Package: amstext 2021/08/26 v2.01 AMS text

(/usr/share/texlive/texmf-dist/tex/latex/amsmath/amsgen.sty
File: amsgen.sty 1999/11/30 v2.0 generic functions
\@emptytoks=\toks23
\ex@=\dimen170
))
(/usr/share/texlive/texmf-dist/tex/latex/amsmath/amsbsy.sty
Package: amsbsy 1999/11/29 v1.2d Bold Symbols
\pmbraise@=\dimen171
)
(/usr/share/texlive/texmf-dist/tex/latex/amsmath/amsopn.sty
Package: amsopn 2021/08/26 v2.02 operator names
)
\inf@bad=\count277
LaTeX Info: Redefining \frac on input line 234.
\uproot@=\count278
\leftroot@=\count279
LaTeX Info: Redefining \overline on input line 399.
\classnum@=\count280
\DOTSCASE@=\count281
LaTeX Info: Redefining \ldots on input line 496.
LaTeX Info: Redefining \dots on input line 499.
LaTeX Info: Redefining \cdots on input line 620.
\Mathstrutbox@=\box54
\strutbox@=\box55
\big@size=\dimen172
LaTeX Font Info:    Redeclaring font encoding OML on input line 743.
LaTeX Font Info:    Redeclaring font encoding OMS on input line 744.
\macc@depth=\count282
\c@MaxMatrixCols=\count283
\dotsspace@=\muskip16
\c@parentequation=\count284
\dspbrk@lvl=\count285
\tag@help=\toks24
\row@=\count286
\column@=\count287
\maxfields@=\count288
\andhelp@=\toks25
\eqnshift@=\dimen173
\alignsep@=\dimen174
\tagshift@=\dimen175
\tagwidth@=\dimen176
\totwidth@=\dimen177
\lineht@=\dimen178
\@envbody=\toks26
\multlinegap=\skip57
\multlinetaggap=\skip58
\mathdisplay@stack=\toks27
LaTeX Info: Redefining \[ on input line 2938.
LaTeX Info: Redefining \] on input line 2939.
)
(/usr/share/texlive/texmf-dist/tex/latex/amsfonts/amssymb.sty
Package: amssymb 2013/01/14 v3.01 AMS font symbols

(/usr/share/texlive/texmf-dist/tex/latex/amsfonts/amsfonts.sty
Package: amsfonts 2013/01/14 v3.01 Basic AMSFonts support
\symAMSa=\mathgroup4
\symAMSb=\mathgroup5
LaTeX Font Info:    Redeclaring math symbol \hbar on input line 98.
LaTeX Font Info:    Overwriting math alphabet `\mathfrak' in version `bold'
(Font)                  U/euf/m/n --> U/euf/b/n on input line 106.
))
(/usr/share/texlive/texmf-dist/tex/latex/amscls/amsthm.sty
Package: amsthm 2020/05/29 v2.20.6
\thm@style=\toks28
\thm@bodyfont=\toks29
\thm@headfont=\toks30
\thm@notefont=\toks31
\thm@headpunct=\toks32
\thm@preskip=\skip59
\thm@postskip=\skip60
\thm@headsep=\skip61
\dth@everypar=\toks33
)
(/usr/share/texlive/texmf-dist/tex/latex/fancyvrb/fancyvrb.sty
Package: fancyvrb 2021/12/21 4.1b verbatim text (tvz,hv)
\FV@CodeLineNo=\count289
\FV@InFile=\read2
\FV@TabBox=\box56
\c@FancyVerbLine=\count290
\FV@StepNumber=\count291
\FV@OutFile=\write3
)
(/usr/share/texlive/texmf-dist/tex/latex/tools/longtable.sty
Package: longtable 2021-09-01 v4.17 Multi-page Table package (DPC)
\LTleft=\skip62
\LTright=\skip63
\LTpre=\skip64
\LTpost=\skip65
\LTchunksize=\count292
\LTcapwidth=\dimen179
\LT@head=\box57
\LT@firsthead=\box58
\LT@foot=\box59
\LT@lastfoot=\box60
\LT@gbox=\box61
\LT@cols=\count293
\LT@rows=\count294
\c@LT@tables=\count295
\c@LT@chunks=\count296
\LT@p@ftn=\toks34
)
(/usr/share/texlive/texmf-dist/tex/latex/tools/array.sty
Package: array 2021/10/04 v2.5f Tabular extension package (FMi)
\col@sep=\dimen180
\ar@mcellbox=\box62
\extrarowheight=\dimen181
\NC@list=\toks35
\extratabsurround=\skip66
\backup@length=\skip67
\ar@cellbox=\box63
)
(/usr/share/texlive/texmf-dist/tex/generic/babel/babel.sty
Package: babel 2022/01/26 3.70 The Babel package
\babel@savecnt=\count297
\U@D=\dimen182
\l@unhyphenated=\language12

(/usr/share/texlive/texmf-dist/tex/generic/babel/txtbabel.def)
\bbl@readstream=\read3
\bbl@dirlevel=\count298

(/usr/share/texlive/texmf-dist/tex/generic/babel-english/english.ldf
Language: english 2017/06/06 v3.3r English support from the babel system
Package babel Info: Hyphen rules for 'british' set to \l@english
(babel)             (\language0). Reported on input line 82.
Package babel Info: Hyphen rules for 'UKenglish' set to \l@english
(babel)             (\language0). Reported on input line 83.
Package babel Info: Hyphen rules for 'canadian' set to \l@english
(babel)             (\language0). Reported on input line 102.
Package babel Info: Hyphen rules for 'australian' set to \l@english
(babel)             (\language0). Reported on input line 105.
Package babel Info: Hyphen rules for 'newzealand' set to \l@english
(babel)             (\language0). Reported on input line 108.
)
(/usr/share/texlive/texmf-dist/tex/generic/babel-russian/russianb.ldf
File: russianb.ldf 2021/01/10 1.3m Russian support for the Babel system
Language: russian 2020/09/09 1.3k Russian support for the Babel system
Package babel Info: Making " an active character on input line 124.
Package babel Info: Default for \cyrdash is provided on input line 163.
))
(/usr/share/texlive/texmf-dist/tex/latex/minted/minted.sty
Package: minted 2021/12/24 v2.6 Yet another Pygments shim for LaTeX

(/usr/share/texlive/texmf-dist/tex/latex/kvoptions/kvoptions.sty
Package: kvoptions 2020-10-07 v3.14 Key value format for package options (HO)

(/usr/share/texlive/texmf-dist/tex/generic/ltxcmds/ltxcmds.sty
Package: ltxcmds 2020-05-10 v1.25 LaTeX kernel commands for general use (HO)
)
(/usr/share/texlive/texmf-dist/tex/generic/kvsetkeys/kvsetkeys.sty
Package: kvsetkeys 2019/12/15 v1.18 Key value parser (HO)
))
(/usr/share/texlive/texmf-dist/tex/latex/fvextra/fvextra.sty
Package: fvextra 2019/02/04 v1.4 fvextra - extensions and patches for fancyvrb

(/usr/share/texlive/texmf-dist/tex/latex/base/ifthen.sty
Package: ifthen 2020/11/24 v1.1c Standard LaTeX ifthen package (DPC)
)
(/usr/share/texlive/texmf-dist/tex/latex/etoolbox/etoolbox.sty
Package: etoolbox 2020/10/05 v2.5k e-TeX tools for LaTeX (JAW)
\etb@tempcnta=\count299
)
(/usr/share/texlive/texmf-dist/tex/latex/upquote/upquote.sty
Package: upquote 2012/04/19 v1.3 upright-quote and grave-accent glyphs in verba
tim

(/usr/share/texlive/texmf-dist/tex/latex/base/textcomp.sty
Package: textcomp 2020/02/02 v2.0n Standard LaTeX package
))
(/usr/share/texlive/texmf-dist/tex/latex/lineno/lineno.sty
Package: lineno 2005/11/02 line numbers on paragraphs v4.41
\linenopenalty=\count300
\output=\toks36
\linenoprevgraf=\count301
\linenumbersep=\dimen183
\linenumberwidth=\dimen184
\c@linenumber=\count302
\c@pagewiselinenumber=\count303
\c@LN@truepage=\count304
\c@internallinenumber=\count305
\c@internallinenumbers=\count306
\quotelinenumbersep=\dimen185
\bframerule=\dimen186
\bframesep=\dimen187
\bframebox=\box64
LaTeX Info: Redefining \\ on input line 3056.
)
\c@FV@TrueTabGroupLevel=\count307
\c@FV@TrueTabCounter=\count308
\FV@TabBox@Group=\box65
\FV@TmpLength=\skip68
\c@FV@HighlightLinesStart=\count309
\c@FV@HighlightLinesStop=\count310
\FV@LoopCount=\count311
\FV@NCharsBox=\box66
\FV@BreakIndent=\dimen188
\FV@BreakIndentNChars=\count312
\FV@BreakSymbolSepLeft=\dimen189
\FV@BreakSymbolSepLeftNChars=\count313
\FV@BreakSymbolSepRight=\dimen190
\FV@BreakSymbolSepRightNChars=\count314
\FV@BreakSymbolIndentLeft=\dimen191
\FV@BreakSymbolIndentLeftNChars=\count315
\FV@BreakSymbolIndentRight=\dimen192
\FV@BreakSymbolIndentRightNChars=\count316
\c@FancyVerbLineBreakLast=\count317
\FV@LineBox=\box67
\FV@LineIndentBox=\box68
\FV@LineWidth=\dimen193
)
(/usr/share/texlive/texmf-dist/tex/latex/tools/shellesc.sty
Package: shellesc 2019/11/08 v1.0c unified shell escape interface for LaTeX
Package shellesc Info: Restricted shell escape enabled on input line 77.
)
(/usr/share/texlive/texmf-dist/tex/latex/ifplatform/ifplatform.sty
Package: ifplatform 2017/10/13 v0.4a Testing for the operating system

(/usr/share/texlive/texmf-dist/tex/generic/pdftexcmds/pdftexcmds.sty
Package: pdftexcmds 2020-06-27 v0.33 Utility functions of pdfTeX for LuaTeX (HO
)

(/usr/share/texlive/texmf-dist/tex/generic/infwarerr/infwarerr.sty
Package: infwarerr 2019/12/03 v1.5 Providing info/warning/error messages (HO)
)
Package pdftexcmds Info: \pdf@primitive is available.
Package pdftexcmds Info: \pdf@ifprimitive is available.
Package pdftexcmds Info: \pdfdraftmode found.
)
(/usr/share/texlive/texmf-dist/tex/generic/catchfile/catchfile.sty
Package: catchfile 2019/12/09 v1.8 Catch the contents of a file (HO)

(/usr/share/texlive/texmf-dist/tex/generic/etexcmds/etexcmds.sty
Package: etexcmds 2019/12/15 v1.7 Avoid name clashes with e-TeX commands (HO)
))
(/usr/share/texlive/texmf-dist/tex/generic/iftex/ifluatex.sty
Package: ifluatex 2019/10/25 v1.5 ifluatex legacy package. Use iftex instead.
)

Package ifplatform Warning: 
    shell escape is disabled, so I can only detect \ifwindows.

) (/usr/share/texlive/texmf-dist/tex/generic/xstring/xstring.sty
(/usr/share/texlive/texmf-dist/tex/generic/xstring/xstring.tex
\integerpart=\count318
\decimalpart=\count319
)
Package: xstring 2021/07/21 v1.84 String manipulations (CT)
)
(/usr/share/texlive/texmf-dist/tex/latex/framed/framed.sty
Package: framed 2011/10/22 v 0.96: framed or shaded text with page breaks
\OuterFrameSep=\skip69
\fb@frw=\dimen194
\fb@frh=\dimen195
\FrameRule=\dimen196
\FrameSep=\dimen197
)
(/usr/share/texlive/texmf-dist/tex/latex/float/float.sty
Package: float 2001/11/08 v1.3d Float enhancements (AL)
\c@float@type=\count320
\float@exts=\toks37
\float@box=\box69
\@float@everytoks=\toks38
\@floatcapt=\box70
)
\minted@appexistsfile=\read4
\minted@bgbox=\box71
\minted@code=\write4
\c@minted@FancyVerbLineTemp=\count321
\c@minted@pygmentizecounter=\count322
\@float@every@listing=\toks39
\c@listing=\count323
)
runsystem(mkdir -p _minted-work)...disabled (restricted).



! Package minted Error: You must invoke LaTeX with the -shell-escape flag.

See the minted package documentation for explanation.
Type  H <return>  for immediate help.
 ...                                              
                                                  
l.49 \usepackage
                {tempora}
? 
! Interruption.
\GenericError  ...                                
                                                  \endgroup 
l.49 \usepackage
                {tempora}
? return
OK, entering \nonstopmode...
(/usr/share/texlive/texmf-dist/tex/latex/tempora/tempora.sty
Package: tempora 2016/02/02 (msharpe) Style file for Tempora.

(/usr/share/texlive/texmf-dist/tex/latex/base/fontenc.sty
Package: fontenc 2021/04/29 v2.0v Standard LaTeX package

(/usr/share/texlive/texmf-dist/tex/latex/cyrillic/ot2enc.def
File: ot2enc.def 2001/08/11 v3.3a Cyrillic encoding definition file
Now handling font encoding OT2 ...
... processing UTF-8 mapping file for font encoding OT2

(/usr/share/texlive/texmf-dist/tex/latex/base/ot2enc.dfu
File: ot2enc.dfu 2021/06/21 v1.2n UTF-8 support
   defining Unicode char U+00AB (decimal 171)
   defining Unicode char U+00BB (decimal 187)
   defining Unicode char U+0131 (decimal 305)
   defining Unicode char U+0237 (decimal 567)
   defining Unicode char U+0400 (decimal 1024)
   defining Unicode char U+0401 (decimal 1025)
   defining Unicode char U+0402 (decimal 1026)
   defining Unicode char U+0403 (decimal 1027)
   defining Unicode char U+0404 (decimal 1028)
   defining Unicode char U+0405 (decimal 1029)
   defining Unicode char U+0406 (decimal 1030)
   defining Unicode char U+0408 (decimal 1032)
   defining Unicode char U+0409 (decimal 1033)
   defining Unicode char U+040A (decimal 1034)
   defining Unicode char U+040B (decimal 1035)
   defining Unicode char U+040C (decimal 1036)
   defining Unicode char U+040D (decimal 1037)
   defining Unicode char U+040F (decimal 1039)
   defining Unicode char U+0410 (decimal 1040)
   defining Unicode char U+0411 (decimal 1041)
   defining Unicode char U+0412 (decimal 1042)
   defining Unicode char U+0413 (decimal 1043)
   defining Unicode char U+0414 (decimal 1044)
   defining Unicode char U+0415 (decimal 1045)
   defining Unicode char U+0416 (decimal 1046)
   defining Unicode char U+0417 (decimal 1047)
   defining Unicode char U+0418 (decimal 1048)
   defining Unicode char U+0419 (decimal 1049)
   defining Unicode char U+041A (decimal 1050)
   defining Unicode char U+041B (decimal 1051)
   defining Unicode char U+041C (decimal 1052)
   defining Unicode char U+041D (decimal 1053)
   defining Unicode char U+041E (decimal 1054)
   defining Unicode char U+041F (decimal 1055)
   defining Unicode char U+0420 (decimal 1056)
   defining Unicode char U+0421 (decimal 1057)
   defining Unicode char U+0422 (decimal 1058)
   defining Unicode char U+0423 (decimal 1059)
   defining Unicode char U+0424 (decimal 1060)
   defining Unicode char U+0425 (decimal 1061)
   defining Unicode char U+0426 (decimal 1062)
   defining Unicode char U+0427 (decimal 1063)
   defining Unicode char U+0428 (decimal 1064)
   defining Unicode char U+0429 (decimal 1065)
   defining Unicode char U+042A (decimal 1066)
   defining Unicode char U+042B (decimal 1067)
   defining Unicode char U+042C (decimal 1068)
   defining Unicode char U+042D (decimal 1069)
   defining Unicode char U+042E (decimal 1070)
   defining Unicode char U+042F (decimal 1071)
   defining Unicode char U+0430 (decimal 1072)
   defining Unicode char U+0431 (decimal 1073)
   defining Unicode char U+0432 (decimal 1074)
   defining Unicode char U+0433 (decimal 1075)
   defining Unicode char U+0434 (decimal 1076)
   defining Unicode char U+0435 (decimal 1077)
   defining Unicode char U+0436 (decimal 1078)
   defining Unicode char U+0437 (decimal 1079)
   defining Unicode char U+0438 (decimal 1080)
   defining Unicode char U+0439 (decimal 1081)
   defining Unicode char U+043A (decimal 1082)
   defining Unicode char U+043B (decimal 1083)
   defining Unicode char U+043C (decimal 1084)
   defining Unicode char U+043D (decimal 1085)
   defining Unicode char U+043E (decimal 1086)
   defining Unicode char U+043F (decimal 1087)
   defining Unicode char U+0440 (decimal 1088)
   defining Unicode char U+0441 (decimal 1089)
   defining Unicode char U+0442 (decimal 1090)
   defining Unicode char U+0443 (decimal 1091)
   defining Unicode char U+0444 (decimal 1092)
   defining Unicode char U+0445 (decimal 1093)
   defining Unicode char U+0446 (decimal 1094)
   defining Unicode char U+0447 (decimal 1095)
   defining Unicode char U+0448 (decimal 1096)
   defining Unicode char U+0449 (decimal 1097)
   defining Unicode char U+044A (decimal 1098)
   defining Unicode char U+044B (decimal 1099)
   defining Unicode char U+044C (decimal 1100)
   defining Unicode char U+044D (decimal 1101)
   defining Unicode char U+044E (decimal 1102)
   defining Unicode char U+044F (decimal 1103)
   defining Unicode char U+0450 (decimal 1104)
   defining Unicode char U+0451 (decimal 1105)
   defining Unicode char U+0452 (decimal 1106)
   defining Unicode char U+0453 (decimal 1107)
   defining Unicode char U+0454 (decimal 1108)
   defining Unicode char U+0455 (decimal 1109)
   defining Unicode char U+0456 (decimal 1110)
   defining Unicode char U+0458 (decimal 1112)
   defining Unicode char U+0459 (decimal 1113)
   defining Unicode char U+045A (decimal 1114)
   defining Unicode char U+045B (decimal 1115)
   defining Unicode char U+045C (decimal 1116)
   defining Unicode char U+045D (decimal 1117)
   defining Unicode char U+045F (decimal 1119)
   defining Unicode char U+0462 (decimal 1122)
   defining Unicode char U+0463 (decimal 1123)
   defining Unicode char U+0472 (decimal 1138)
   defining Unicode char U+0473 (decimal 1139)
   defining Unicode char U+0474 (decimal 1140)
   defining Unicode char U+0475 (decimal 1141)
   defining Unicode char U+04C1 (decimal 1217)
   defining Unicode char U+04C2 (decimal 1218)
   defining Unicode char U+04D0 (decimal 1232)
   defining Unicode char U+04D1 (decimal 1233)
   defining Unicode char U+04D2 (decimal 1234)
   defining Unicode char U+04D3 (decimal 1235)
   defining Unicode char U+04D6 (decimal 1238)
   defining Unicode char U+04D7 (decimal 1239)
   defining Unicode char U+04DC (decimal 1244)
   defining Unicode char U+04DD (decimal 1245)
   defining Unicode char U+04DE (decimal 1246)
   defining Unicode char U+04DF (decimal 1247)
   defining Unicode char U+04E2 (decimal 1250)
   defining Unicode char U+04E3 (decimal 1251)
   defining Unicode char U+04E4 (decimal 1252)
   defining Unicode char U+04E5 (decimal 1253)
   defining Unicode char U+04E6 (decimal 1254)
   defining Unicode char U+04E7 (decimal 1255)
   defining Unicode char U+04EC (decimal 1260)
   defining Unicode char U+04ED (decimal 1261)
   defining Unicode char U+04EE (decimal 1262)
   defining Unicode char U+04EF (decimal 1263)
   defining Unicode char U+04F0 (decimal 1264)
   defining Unicode char U+04F1 (decimal 1265)
   defining Unicode char U+04F2 (decimal 1266)
   defining Unicode char U+04F3 (decimal 1267)
   defining Unicode char U+04F4 (decimal 1268)
   defining Unicode char U+04F5 (decimal 1269)
   defining Unicode char U+04F8 (decimal 1272)
   defining Unicode char U+04F9 (decimal 1273)
   defining Unicode char U+2013 (decimal 8211)
   defining Unicode char U+2014 (decimal 8212)
   defining Unicode char U+2018 (decimal 8216)
   defining Unicode char U+2019 (decimal 8217)
   defining Unicode char U+201C (decimal 8220)
   defining Unicode char U+201D (decimal 8221)
   defining Unicode char U+2116 (decimal 8470)
))
(/usr/share/texlive/texmf-dist/tex/latex/cyrillic/t2cenc.def
File: t2cenc.def 2005/09/27 v1.0i Cyrillic encoding definition file
Now handling font encoding T2C ...
... processing UTF-8 mapping file for font encoding T2C

(/usr/share/texlive/texmf-dist/tex/latex/base/t2cenc.dfu
File: t2cenc.dfu 2021/06/21 v1.2n UTF-8 support
   defining Unicode char U+00A4 (decimal 164)
   defining Unicode char U+00A7 (decimal 167)
   defining Unicode char U+00AB (decimal 171)
   defining Unicode char U+00BB (decimal 187)
   defining Unicode char U+0131 (decimal 305)
   defining Unicode char U+0237 (decimal 567)
   defining Unicode char U+0400 (decimal 1024)
   defining Unicode char U+0401 (decimal 1025)
   defining Unicode char U+0403 (decimal 1027)
   defining Unicode char U+0405 (decimal 1029)
   defining Unicode char U+0406 (decimal 1030)
   defining Unicode char U+0408 (decimal 1032)
   defining Unicode char U+040C (decimal 1036)
   defining Unicode char U+040D (decimal 1037)
   defining Unicode char U+040F (decimal 1039)
   defining Unicode char U+0410 (decimal 1040)
   defining Unicode char U+0411 (decimal 1041)
   defining Unicode char U+0412 (decimal 1042)
   defining Unicode char U+0413 (decimal 1043)
   defining Unicode char U+0414 (decimal 1044)
   defining Unicode char U+0415 (decimal 1045)
   defining Unicode char U+0416 (decimal 1046)
   defining Unicode char U+0417 (decimal 1047)
   defining Unicode char U+0418 (decimal 1048)
   defining Unicode char U+0419 (decimal 1049)
   defining Unicode char U+041A (decimal 1050)
   defining Unicode char U+041B (decimal 1051)
   defining Unicode char U+041C (decimal 1052)
   defining Unicode char U+041D (decimal 1053)
   defining Unicode char U+041E (decimal 1054)
   defining Unicode char U+041F (decimal 1055)
   defining Unicode char U+0420 (decimal 1056)
   defining Unicode char U+0421 (decimal 1057)
   defining Unicode char U+0422 (decimal 1058)
   defining Unicode char U+0423 (decimal 1059)
   defining Unicode char U+0424 (decimal 1060)
   defining Unicode char U+0425 (decimal 1061)
   defining Unicode char U+0426 (decimal 1062)
   defining Unicode char U+0427 (decimal 1063)
   defining Unicode char U+0428 (decimal 1064)
   defining Unicode char U+0429 (decimal 1065)
   defining Unicode char U+042A (decimal 1066)
   defining Unicode char U+042B (decimal 1067)
   defining Unicode char U+042C (decimal 1068)
   defining Unicode char U+042D (decimal 1069)
   defining Unicode char U+042E (decimal 1070)
   defining Unicode char U+042F (decimal 1071)
   defining Unicode char U+0430 (decimal 1072)
   defining Unicode char U+0431 (decimal 1073)
   defining Unicode char U+0432 (decimal 1074)
   defining Unicode char U+0433 (decimal 1075)
   defining Unicode char U+0434 (decimal 1076)
   defining Unicode char U+0435 (decimal 1077)
   defining Unicode char U+0436 (decimal 1078)
   defining Unicode char U+0437 (decimal 1079)
   defining Unicode char U+0438 (decimal 1080)
   defining Unicode char U+0439 (decimal 1081)
   defining Unicode char U+043A (decimal 1082)
   defining Unicode char U+043B (decimal 1083)
   defining Unicode char U+043C (decimal 1084)
   defining Unicode char U+043D (decimal 1085)
   defining Unicode char U+043E (decimal 1086)
   defining Unicode char U+043F (decimal 1087)
   defining Unicode char U+0440 (decimal 1088)
   defining Unicode char U+0441 (decimal 1089)
   defining Unicode char U+0442 (decimal 1090)
   defining Unicode char U+0443 (decimal 1091)
   defining Unicode char U+0444 (decimal 1092)
   defining Unicode char U+0445 (decimal 1093)
   defining Unicode char U+0446 (decimal 1094)
   defining Unicode char U+0447 (decimal 1095)
   defining Unicode char U+0448 (decimal 1096)
   defining Unicode char U+0449 (decimal 1097)
   defining Unicode char U+044A (decimal 1098)
   defining Unicode char U+044B (decimal 1099)
   defining Unicode char U+044C (decimal 1100)
   defining Unicode char U+044D (decimal 1101)
   defining Unicode char U+044E (decimal 1102)
   defining Unicode char U+044F (decimal 1103)
   defining Unicode char U+0450 (decimal 1104)
   defining Unicode char U+0451 (decimal 1105)
   defining Unicode char U+0453 (decimal 1107)
   defining Unicode char U+0455 (decimal 1109)
   defining Unicode char U+0456 (decimal 1110)
   defining Unicode char U+0458 (decimal 1112)
   defining Unicode char U+045C (decimal 1116)
   defining Unicode char U+045D (decimal 1117)
   defining Unicode char U+045F (decimal 1119)
   defining Unicode char U+048C (decimal 1164)
   defining Unicode char U+048D (decimal 1165)
   defining Unicode char U+048E (decimal 1166)
   defining Unicode char U+048F (decimal 1167)
   defining Unicode char U+0494 (decimal 1172)
   defining Unicode char U+0495 (decimal 1173)
   defining Unicode char U+049A (decimal 1178)
   defining Unicode char U+049B (decimal 1179)
   defining Unicode char U+049E (decimal 1182)
   defining Unicode char U+049F (decimal 1183)
   defining Unicode char U+04A2 (decimal 1186)
   defining Unicode char U+04A3 (decimal 1187)
   defining Unicode char U+04A6 (decimal 1190)
   defining Unicode char U+04A7 (decimal 1191)
   defining Unicode char U+04A8 (decimal 1192)
   defining Unicode char U+04A9 (decimal 1193)
   defining Unicode char U+04AC (decimal 1196)
   defining Unicode char U+04AD (decimal 1197)
   defining Unicode char U+04B2 (decimal 1202)
   defining Unicode char U+04B3 (decimal 1203)
   defining Unicode char U+04B4 (decimal 1204)
   defining Unicode char U+04B5 (decimal 1205)
   defining Unicode char U+04B6 (decimal 1206)
   defining Unicode char U+04B7 (decimal 1207)
   defining Unicode char U+04BA (decimal 1210)
   defining Unicode char U+04BB (decimal 1211)
   defining Unicode char U+04BC (decimal 1212)
   defining Unicode char U+04BD (decimal 1213)
   defining Unicode char U+04BE (decimal 1214)
   defining Unicode char U+04BF (decimal 1215)
   defining Unicode char U+04C0 (decimal 1216)
   defining Unicode char U+04C1 (decimal 1217)
   defining Unicode char U+04C2 (decimal 1218)
   defining Unicode char U+04C5 (decimal 1221)
   defining Unicode char U+04C6 (decimal 1222)
   defining Unicode char U+04C7 (decimal 1223)
   defining Unicode char U+04C8 (decimal 1224)
   defining Unicode char U+04CD (decimal 1229)
   defining Unicode char U+04CE (decimal 1230)
   defining Unicode char U+04D0 (decimal 1232)
   defining Unicode char U+04D1 (decimal 1233)
   defining Unicode char U+04D2 (decimal 1234)
   defining Unicode char U+04D3 (decimal 1235)
   defining Unicode char U+04D6 (decimal 1238)
   defining Unicode char U+04D7 (decimal 1239)
   defining Unicode char U+04D8 (decimal 1240)
   defining Unicode char U+04D9 (decimal 1241)
   defining Unicode char U+04DA (decimal 1242)
   defining Unicode char U+04DB (decimal 1243)
   defining Unicode char U+04DC (decimal 1244)
   defining Unicode char U+04DD (decimal 1245)
   defining Unicode char U+04DE (decimal 1246)
   defining Unicode char U+04DF (decimal 1247)
   defining Unicode char U+04E0 (decimal 1248)
   defining Unicode char U+04E1 (decimal 1249)
   defining Unicode char U+04E2 (decimal 1250)
   defining Unicode char U+04E3 (decimal 1251)
   defining Unicode char U+04E4 (decimal 1252)
   defining Unicode char U+04E5 (decimal 1253)
   defining Unicode char U+04E6 (decimal 1254)
   defining Unicode char U+04E7 (decimal 1255)
   defining Unicode char U+04E8 (decimal 1256)
   defining Unicode char U+04E9 (decimal 1257)
   defining Unicode char U+04EC (decimal 1260)
   defining Unicode char U+04ED (decimal 1261)
   defining Unicode char U+04EE (decimal 1262)
   defining Unicode char U+04EF (decimal 1263)
   defining Unicode char U+04F0 (decimal 1264)
   defining Unicode char U+04F1 (decimal 1265)
   defining Unicode char U+04F2 (decimal 1266)
   defining Unicode char U+04F3 (decimal 1267)
   defining Unicode char U+04F4 (decimal 1268)
   defining Unicode char U+04F5 (decimal 1269)
   defining Unicode char U+04F8 (decimal 1272)
   defining Unicode char U+04F9 (decimal 1273)
   defining Unicode char U+200C (decimal 8204)
   defining Unicode char U+2013 (decimal 8211)
   defining Unicode char U+2014 (decimal 8212)
   defining Unicode char U+2018 (decimal 8216)
   defining Unicode char U+2019 (decimal 8217)
   defining Unicode char U+201C (decimal 8220)
   defining Unicode char U+201D (decimal 8221)
   defining Unicode char U+201E (decimal 8222)
   defining Unicode char U+2030 (decimal 8240)
   defining Unicode char U+2031 (decimal 8241)
   defining Unicode char U+2116 (decimal 8470)
   defining Unicode char U+2329 (decimal 9001)
   defining Unicode char U+232A (decimal 9002)
   defining Unicode char U+2423 (decimal 9251)
   defining Unicode char U+27E8 (decimal 10216)
   defining Unicode char U+27E9 (decimal 10217)
   defining Unicode char U+FB00 (decimal 64256)
   defining Unicode char U+FB01 (decimal 64257)
   defining Unicode char U+FB02 (decimal 64258)
   defining Unicode char U+FB03 (decimal 64259)
   defining Unicode char U+FB04 (decimal 64260)
   defining Unicode char U+FB05 (decimal 64261)
   defining Unicode char U+FB06 (decimal 64262)
))
(/usr/share/texlive/texmf-dist/tex/latex/cyrillic/t2benc.def
File: t2benc.def 2005/09/27 v1.0i Cyrillic encoding definition file
Now handling font encoding T2B ...
... processing UTF-8 mapping file for font encoding T2B

(/usr/share/texlive/texmf-dist/tex/latex/base/t2benc.dfu
File: t2benc.dfu 2021/06/21 v1.2n UTF-8 support
   defining Unicode char U+00A4 (decimal 164)
   defining Unicode char U+00A7 (decimal 167)
   defining Unicode char U+00AB (decimal 171)
   defining Unicode char U+00BB (decimal 187)
   defining Unicode char U+0131 (decimal 305)
   defining Unicode char U+0237 (decimal 567)
   defining Unicode char U+0400 (decimal 1024)
   defining Unicode char U+0401 (decimal 1025)
   defining Unicode char U+0403 (decimal 1027)
   defining Unicode char U+0405 (decimal 1029)
   defining Unicode char U+0406 (decimal 1030)
   defining Unicode char U+0408 (decimal 1032)
   defining Unicode char U+0409 (decimal 1033)
   defining Unicode char U+040A (decimal 1034)
   defining Unicode char U+040C (decimal 1036)
   defining Unicode char U+040D (decimal 1037)
   defining Unicode char U+040E (decimal 1038)
   defining Unicode char U+0410 (decimal 1040)
   defining Unicode char U+0411 (decimal 1041)
   defining Unicode char U+0412 (decimal 1042)
   defining Unicode char U+0413 (decimal 1043)
   defining Unicode char U+0414 (decimal 1044)
   defining Unicode char U+0415 (decimal 1045)
   defining Unicode char U+0416 (decimal 1046)
   defining Unicode char U+0417 (decimal 1047)
   defining Unicode char U+0418 (decimal 1048)
   defining Unicode char U+0419 (decimal 1049)
   defining Unicode char U+041A (decimal 1050)
   defining Unicode char U+041B (decimal 1051)
   defining Unicode char U+041C (decimal 1052)
   defining Unicode char U+041D (decimal 1053)
   defining Unicode char U+041E (decimal 1054)
   defining Unicode char U+041F (decimal 1055)
   defining Unicode char U+0420 (decimal 1056)
   defining Unicode char U+0421 (decimal 1057)
   defining Unicode char U+0422 (decimal 1058)
   defining Unicode char U+0423 (decimal 1059)
   defining Unicode char U+0424 (decimal 1060)
   defining Unicode char U+0425 (decimal 1061)
   defining Unicode char U+0426 (decimal 1062)
   defining Unicode char U+0427 (decimal 1063)
   defining Unicode char U+0428 (decimal 1064)
   defining Unicode char U+0429 (decimal 1065)
   defining Unicode char U+042A (decimal 1066)
   defining Unicode char U+042B (decimal 1067)
   defining Unicode char U+042C (decimal 1068)
   defining Unicode char U+042D (decimal 1069)
   defining Unicode char U+042E (decimal 1070)
   defining Unicode char U+042F (decimal 1071)
   defining Unicode char U+0430 (decimal 1072)
   defining Unicode char U+0431 (decimal 1073)
   defining Unicode char U+0432 (decimal 1074)
   defining Unicode char U+0433 (decimal 1075)
   defining Unicode char U+0434 (decimal 1076)
   defining Unicode char U+0435 (decimal 1077)
   defining Unicode char U+0436 (decimal 1078)
   defining Unicode char U+0437 (decimal 1079)
   defining Unicode char U+0438 (decimal 1080)
   defining Unicode char U+0439 (decimal 1081)
   defining Unicode char U+043A (decimal 1082)
   defining Unicode char U+043B (decimal 1083)
   defining Unicode char U+043C (decimal 1084)
   defining Unicode char U+043D (decimal 1085)
   defining Unicode char U+043E (decimal 1086)
   defining Unicode char U+043F (decimal 1087)
   defining Unicode char U+0440 (decimal 1088)
   defining Unicode char U+0441 (decimal 1089)
   defining Unicode char U+0442 (decimal 1090)
   defining Unicode char U+0443 (decimal 1091)
   defining Unicode char U+0444 (decimal 1092)
   defining Unicode char U+0445 (decimal 1093)
   defining Unicode char U+0446 (decimal 1094)
   defining Unicode char U+0447 (decimal 1095)
   defining Unicode char U+0448 (decimal 1096)
   defining Unicode char U+0449 (decimal 1097)
   defining Unicode char U+044A (decimal 1098)
   defining Unicode char U+044B (decimal 1099)
   defining Unicode char U+044C (decimal 1100)
   defining Unicode char U+044D (decimal 1101)
   defining Unicode char U+044E (decimal 1102)
   defining Unicode char U+044F (decimal 1103)
   defining Unicode char U+0450 (decimal 1104)
   defining Unicode char U+0451 (decimal 1105)
   defining Unicode char U+0453 (decimal 1107)
   defining Unicode char U+0455 (decimal 1109)
   defining Unicode char U+0456 (decimal 1110)
   defining Unicode char U+0458 (decimal 1112)
   defining Unicode char U+0459 (decimal 1113)
   defining Unicode char U+045A (decimal 1114)
   defining Unicode char U+045C (decimal 1116)
   defining Unicode char U+045D (decimal 1117)
   defining Unicode char U+045E (decimal 1118)
   defining Unicode char U+0492 (decimal 1170)
   defining Unicode char U+0493 (decimal 1171)
   defining Unicode char U+0494 (decimal 1172)
   defining Unicode char U+0495 (decimal 1173)
   defining Unicode char U+0496 (decimal 1174)
   defining Unicode char U+0497 (decimal 1175)
   defining Unicode char U+049A (decimal 1178)
   defining Unicode char U+049B (decimal 1179)
   defining Unicode char U+04A2 (decimal 1186)
   defining Unicode char U+04A3 (decimal 1187)
   defining Unicode char U+04A4 (decimal 1188)
   defining Unicode char U+04A5 (decimal 1189)
   defining Unicode char U+04AE (decimal 1198)
   defining Unicode char U+04AF (decimal 1199)
   defining Unicode char U+04B2 (decimal 1202)
   defining Unicode char U+04B3 (decimal 1203)
   defining Unicode char U+04B6 (decimal 1206)
   defining Unicode char U+04B7 (decimal 1207)
   defining Unicode char U+04BA (decimal 1210)
   defining Unicode char U+04BB (decimal 1211)
   defining Unicode char U+04C0 (decimal 1216)
   defining Unicode char U+04C1 (decimal 1217)
   defining Unicode char U+04C2 (decimal 1218)
   defining Unicode char U+04C3 (decimal 1219)
   defining Unicode char U+04C4 (decimal 1220)
   defining Unicode char U+04C5 (decimal 1221)
   defining Unicode char U+04C6 (decimal 1222)
   defining Unicode char U+04C7 (decimal 1223)
   defining Unicode char U+04C8 (decimal 1224)
   defining Unicode char U+04CB (decimal 1227)
   defining Unicode char U+04CC (decimal 1228)
   defining Unicode char U+04D0 (decimal 1232)
   defining Unicode char U+04D1 (decimal 1233)
   defining Unicode char U+04D2 (decimal 1234)
   defining Unicode char U+04D3 (decimal 1235)
   defining Unicode char U+04D6 (decimal 1238)
   defining Unicode char U+04D7 (decimal 1239)
   defining Unicode char U+04D8 (decimal 1240)
   defining Unicode char U+04D9 (decimal 1241)
   defining Unicode char U+04DA (decimal 1242)
   defining Unicode char U+04DB (decimal 1243)
   defining Unicode char U+04DC (decimal 1244)
   defining Unicode char U+04DD (decimal 1245)
   defining Unicode char U+04DE (decimal 1246)
   defining Unicode char U+04DF (decimal 1247)
   defining Unicode char U+04E0 (decimal 1248)
   defining Unicode char U+04E1 (decimal 1249)
   defining Unicode char U+04E2 (decimal 1250)
   defining Unicode char U+04E3 (decimal 1251)
   defining Unicode char U+04E4 (decimal 1252)
   defining Unicode char U+04E5 (decimal 1253)
   defining Unicode char U+04E6 (decimal 1254)
   defining Unicode char U+04E7 (decimal 1255)
   defining Unicode char U+04E8 (decimal 1256)
   defining Unicode char U+04E9 (decimal 1257)
   defining Unicode char U+04EC (decimal 1260)
   defining Unicode char U+04ED (decimal 1261)
   defining Unicode char U+04EE (decimal 1262)
   defining Unicode char U+04EF (decimal 1263)
   defining Unicode char U+04F0 (decimal 1264)
   defining Unicode char U+04F1 (decimal 1265)
   defining Unicode char U+04F2 (decimal 1266)
   defining Unicode char U+04F3 (decimal 1267)
   defining Unicode char U+04F4 (decimal 1268)
   defining Unicode char U+04F5 (decimal 1269)
   defining Unicode char U+04F6 (decimal 1270)
   defining Unicode char U+04F7 (decimal 1271)
   defining Unicode char U+04F8 (decimal 1272)
   defining Unicode char U+04F9 (decimal 1273)
   defining Unicode char U+04FA (decimal 1274)
   defining Unicode char U+04FB (decimal 1275)
   defining Unicode char U+04FC (decimal 1276)
   defining Unicode char U+04FD (decimal 1277)
   defining Unicode char U+04FE (decimal 1278)
   defining Unicode char U+04FF (decimal 1279)
   defining Unicode char U+200C (decimal 8204)
   defining Unicode char U+2013 (decimal 8211)
   defining Unicode char U+2014 (decimal 8212)
   defining Unicode char U+2018 (decimal 8216)
   defining Unicode char U+2019 (decimal 8217)
   defining Unicode char U+201C (decimal 8220)
   defining Unicode char U+201D (decimal 8221)
   defining Unicode char U+201E (decimal 8222)
   defining Unicode char U+2030 (decimal 8240)
   defining Unicode char U+2031 (decimal 8241)
   defining Unicode char U+2116 (decimal 8470)
   defining Unicode char U+2329 (decimal 9001)
   defining Unicode char U+232A (decimal 9002)
   defining Unicode char U+2423 (decimal 9251)
   defining Unicode char U+27E8 (decimal 10216)
   defining Unicode char U+27E9 (decimal 10217)
   defining Unicode char U+FB00 (decimal 64256)
   defining Unicode char U+FB01 (decimal 64257)
   defining Unicode char U+FB02 (decimal 64258)
   defining Unicode char U+FB03 (decimal 64259)
   defining Unicode char U+FB04 (decimal 64260)
   defining Unicode char U+FB05 (decimal 64261)
   defining Unicode char U+FB06 (decimal 64262)
))

! Package fontenc Error: Encoding file `lgrenc.def' not found.
(fontenc)                You might have misspelt the name of the encoding.

See the fontenc package documentation for explanation.
Type  H <return>  for immediate help.
 ...                                              
                                                  
l.111 \ProcessOptions*
                      
Necessary code for this encoding was not loaded.
Thus calling the encoding later on will produce further error messages.

LaTeX Font Info:    Trying to load font information for T1+ptm on input line 11
2.
(/usr/share/texlive/texmf-dist/tex/latex/psnfss/t1ptm.fd
File: t1ptm.fd 2001/06/04 font definitions for T1/ptm.
))
(/usr/share/texlive/texmf-dist/tex/latex/fontaxes/fontaxes.sty
Package: fontaxes 2020/07/21 v1.0e Font selection axes
LaTeX Info: Redefining \upshape on input line 29.
LaTeX Info: Redefining \itshape on input line 31.
LaTeX Info: Redefining \slshape on input line 33.
LaTeX Info: Redefining \swshape on input line 35.
LaTeX Info: Redefining \scshape on input line 37.
LaTeX Info: Redefining \sscshape on input line 39.
LaTeX Info: Redefining \ulcshape on input line 41.
LaTeX Info: Redefining \textsw on input line 47.
LaTeX Info: Redefining \textssc on input line 48.
LaTeX Info: Redefining \textulc on input line 49.
)
(/usr/share/texlive/texmf-dist/tex/latex/xkeyval/xkeyval.sty
Package: xkeyval 2020/11/20 v2.8 package option processing (HA)

(/usr/share/texlive/texmf-dist/tex/generic/xkeyval/xkeyval.tex
(/usr/share/texlive/texmf-dist/tex/generic/xkeyval/xkvutils.tex
\XKV@toks=\toks40
\XKV@tempa@toks=\toks41
)
\XKV@depth=\count324
File: xkeyval.tex 2014/12/03 v2.7a key=value parser (HA)
)))
(/usr/share/texlive/texmf-dist/tex/latex/hyperref/hyperref.sty
Package: hyperref 2021-06-07 v7.00m Hypertext links for LaTeX

(/usr/share/texlive/texmf-dist/tex/generic/kvdefinekeys/kvdefinekeys.sty
Package: kvdefinekeys 2019-12-19 v1.6 Define keys (HO)
)
(/usr/share/texlive/texmf-dist/tex/generic/pdfescape/pdfescape.sty
Package: pdfescape 2019/12/09 v1.15 Implements pdfTeX's escape features (HO)
)
(/usr/share/texlive/texmf-dist/tex/latex/hycolor/hycolor.sty
Package: hycolor 2020-01-27 v1.10 Color options for hyperref/bookmark (HO)
)
(/usr/share/texlive/texmf-dist/tex/latex/letltxmacro/letltxmacro.sty
Package: letltxmacro 2019/12/03 v1.6 Let assignment for LaTeX macros (HO)
)
(/usr/share/texlive/texmf-dist/tex/latex/auxhook/auxhook.sty
Package: auxhook 2019-12-17 v1.6 Hooks for auxiliary files (HO)
)
\@linkdim=\dimen198
\Hy@linkcounter=\count325
\Hy@pagecounter=\count326

(/usr/share/texlive/texmf-dist/tex/latex/hyperref/pd1enc.def
File: pd1enc.def 2021-06-07 v7.00m Hyperref: PDFDocEncoding definition (HO)
Now handling font encoding PD1 ...
... no UTF-8 mapping file for font encoding PD1
)
(/usr/share/texlive/texmf-dist/tex/latex/hyperref/hyperref-langpatches.def
File: hyperref-langpatches.def 2021-06-07 v7.00m Hyperref: patches for babel la
nguages
)
(/usr/share/texlive/texmf-dist/tex/generic/intcalc/intcalc.sty
Package: intcalc 2019/12/15 v1.3 Expandable calculations with integers (HO)
)
\Hy@SavedSpaceFactor=\count327

(/usr/share/texlive/texmf-dist/tex/latex/hyperref/puenc.def
File: puenc.def 2021-06-07 v7.00m Hyperref: PDF Unicode definition (HO)
Now handling font encoding PU ...
... no UTF-8 mapping file for font encoding PU
)
Package hyperref Info: Option `unicode' set `true' on input line 3167.
Package hyperref Info: Option `colorlinks' set `false' on input line 4073.
Package hyperref Info: Hyper figures OFF on input line 4192.
Package hyperref Info: Link nesting OFF on input line 4197.
Package hyperref Info: Hyper index ON on input line 4200.
Package hyperref Info: Plain pages OFF on input line 4207.
Package hyperref Info: Backreferencing OFF on input line 4212.
Package hyperref Info: Implicit mode ON; LaTeX internals redefined.
Package hyperref Info: Bookmarks ON on input line 4445.
\c@Hy@tempcnt=\count328

(/usr/share/texlive/texmf-dist/tex/latex/url/url.sty
\Urlmuskip=\muskip17
Package: url 2013/09/16  ver 3.4  Verb mode for urls, etc.
)
LaTeX Info: Redefining \url on input line 4804.
\XeTeXLinkMargin=\dimen199

(/usr/share/texlive/texmf-dist/tex/generic/bitset/bitset.sty
Package: bitset 2019/12/09 v1.3 Handle bit-vector datatype (HO)

(/usr/share/texlive/texmf-dist/tex/generic/bigintcalc/bigintcalc.sty
Package: bigintcalc 2019/12/15 v1.5 Expandable calculations on big integers (HO
)
))
\Fld@menulength=\count329
\Field@Width=\dimen256
\Fld@charsize=\dimen257
Package hyperref Info: Hyper figures OFF on input line 6076.
Package hyperref Info: Link nesting OFF on input line 6081.
Package hyperref Info: Hyper index ON on input line 6084.
Package hyperref Info: backreferencing OFF on input line 6091.
Package hyperref Info: Link coloring OFF on input line 6096.
Package hyperref Info: Link coloring with OCG OFF on input line 6101.
Package hyperref Info: PDF/A mode OFF on input line 6106.
LaTeX Info: Redefining \ref on input line 6146.
LaTeX Info: Redefining \pageref on input line 6150.

(/usr/share/texlive/texmf-dist/tex/latex/base/atbegshi-ltx.sty
Package: atbegshi-ltx 2021/01/10 v1.0c Emulation of the original atbegshi
package with kernel methods
)
\Hy@abspage=\count330
\c@Item=\count331
\c@Hfootnote=\count332
)
Package hyperref Info: Driver (autodetected): hpdftex.

(/usr/share/texlive/texmf-dist/tex/latex/hyperref/hpdftex.def
File: hpdftex.def 2021-06-07 v7.00m Hyperref driver for pdfTeX

(/usr/share/texlive/texmf-dist/tex/latex/base/atveryend-ltx.sty
Package: atveryend-ltx 2020/08/19 v1.0a Emulation of the original atveryend pac
kage
with kernel methods
)
\Fld@listcount=\count333
\c@bookmark@seq@number=\count334

(/usr/share/texlive/texmf-dist/tex/latex/rerunfilecheck/rerunfilecheck.sty
Package: rerunfilecheck 2019/12/05 v1.9 Rerun checks for auxiliary files (HO)

(/usr/share/texlive/texmf-dist/tex/generic/uniquecounter/uniquecounter.sty
Package: uniquecounter 2019/12/15 v1.4 Provide unlimited unique counter (HO)
)
Package uniquecounter Info: New unique counter `rerunfilecheck' on input line 2
86.
)
\Hy@SectionHShift=\skip70
)
(/usr/share/texlive/texmf-dist/tex/latex/tools/verbatim.sty
Package: verbatim 2020-07-07 v1.5u LaTeX2e package for verbatim enhancements
\every@verbatim=\toks42
\verbatim@line=\toks43
\verbatim@in@stream=\read5
)
\c@lem=\count335
runsystem(which pygmentize && touch work.aex)...disabled (restricted).



! Package minted Error: You must have `pygmentize' installed to use this packag
e.

See the minted package documentation for explanation.
Type  H <return>  for immediate help.
 ...                                              
                                                  
l.65 \begin{document}
                     
Refer to the installation instructions in the minted documentation for more inf
ormation.

LaTeX Font Info:    Trying to load font information for T1+Tempora-TLF on input
 line 65.
(/usr/share/texlive/texmf-dist/tex/latex/tempora/T1Tempora-TLF.fd
File: T1Tempora-TLF.fd 2016/02/02 (autoinst) Font definitions for T1/Tempora-TL
F.
)
LaTeX Font Info:    Font shape `T1/Tempora-TLF/m/n' will be
(Font)              scaled to size 14.4pt on input line 65.

(/usr/share/texlive/texmf-dist/tex/latex/l3backend/l3backend-pdftex.def
File: l3backend-pdftex.def 2022-01-12 L3 backend support: PDF output (pdfTeX)
\l__color_backend_stack_int=\count336
\l__pdf_internal_box=\box72
)
(./work.aux
LaTeX Font Info:    Trying to load font information for T2A+Tempora-TLF on inpu
t line 22.
 (/usr/share/texlive/texmf-dist/tex/latex/tempora/t2atempora-tlf.fd
File: t2atempora-tlf.fd 2015/09/13 Font definitions for T2A/Tempora-TLF.
)
LaTeX Font Info:    Font shape `T2A/Tempora-TLF/m/n' will be
(Font)              scaled to size 14.4pt on input line 22.
)
\openout1 = `work.aux'.

LaTeX Font Info:    Checking defaults for OML/cmm/m/it on input line 65.
LaTeX Font Info:    ... okay on input line 65.
LaTeX Font Info:    Checking defaults for OMS/cmsy/m/n on input line 65.
LaTeX Font Info:    ... okay on input line 65.
LaTeX Font Info:    Checking defaults for OT1/cmr/m/n on input line 65.
LaTeX Font Info:    ... okay on input line 65.
LaTeX Font Info:    Checking defaults for T1/cmr/m/n on input line 65.
LaTeX Font Info:    ... okay on input line 65.
LaTeX Font Info:    Checking defaults for TS1/cmr/m/n on input line 65.
LaTeX Font Info:    ... okay on input line 65.
LaTeX Font Info:    Checking defaults for OMX/cmex/m/n on input line 65.
LaTeX Font Info:    ... okay on input line 65.
LaTeX Font Info:    Checking defaults for U/cmr/m/n on input line 65.
LaTeX Font Info:    ... okay on input line 65.
LaTeX Font Info:    Checking defaults for T2A/cmr/m/n on input line 65.
LaTeX Font Info:    ... okay on input line 65.
LaTeX Font Info:    Checking defaults for OT2/cmr/m/n on input line 65.
LaTeX Font Info:    Trying to load font information for OT2+cmr on input line 6
5.
 (/usr/share/texlive/texmf-dist/tex/latex/cyrillic/ot2cmr.fd
File: ot2cmr.fd 2001/08/11 v3.2c Computer Modern Cyrillic font definitions
)
LaTeX Font Info:    ... okay on input line 65.
LaTeX Font Info:    Checking defaults for T2C/cmr/m/n on input line 65.
LaTeX Font Info:    Trying to load font information for T2C+cmr on input line 6
5.

(/usr/share/texlive/texmf-dist/tex/latex/cyrillic/t2ccmr.fd
File: t2ccmr.fd 2001/08/11 v1.0a Computer Modern Cyrillic font definitions
)
LaTeX Font Info:    ... okay on input line 65.
LaTeX Font Info:    Checking defaults for T2B/cmr/m/n on input line 65.
LaTeX Font Info:    Trying to load font information for T2B+cmr on input line 6
5.

(/usr/share/texlive/texmf-dist/tex/latex/cyrillic/t2bcmr.fd
File: t2bcmr.fd 2001/08/11 v1.0a Computer Modern Cyrillic font definitions
)
LaTeX Font Info:    ... okay on input line 65.
LaTeX Font Info:    Checking defaults for PD1/pdf/m/n on input line 65.
LaTeX Font Info:    ... okay on input line 65.
LaTeX Font Info:    Checking defaults for PU/pdf/m/n on input line 65.
LaTeX Font Info:    ... okay on input line 65.

*geometry* driver: auto-detecting
*geometry* detected driver: pdftex
*geometry* verbose mode - [ preamble ] result:
* driver: pdftex
* paper: a4paper
* layout: <same size as paper>
* layoutoffset:(h,v)=(0.0pt,0.0pt)
* modes: 
* h-part:(L,W,R)=(71.13188pt, 483.69687pt, 42.67912pt)
* v-part:(T,H,B)=(56.9055pt, 731.23584pt, 56.9055pt)
* \paperwidth=597.50787pt
* \paperheight=845.04684pt
* \textwidth=483.69687pt
* \textheight=731.23584pt
* \oddsidemargin=-1.1381pt
* \evensidemargin=-1.1381pt
* \topmargin=-15.36449pt
* \headheight=0.0pt
* \headsep=0.0pt
* \topskip=14.0pt
* \footskip=28.45274pt
* \marginparwidth=24.0pt
* \marginparsep=10.0pt
* \columnsep=10.0pt
* \skip\footins=12.0pt plus 4.0pt minus 2.0pt
* \hoffset=0.0pt
* \voffset=0.0pt
* \mag=1000
* \@twocolumnfalse
* \@twosidefalse
* \@mparswitchfalse
* \@reversemarginfalse
* (1in=72.27pt=25.4mm, 1cm=28.453pt)

Package caption Info: Begin \AtBeginDocument code.
Package caption Info: Option `justification=RaggedRight' requires the `ragged2e
' package on input line 65.
(/usr/share/texlive/texmf-dist/tex/latex/ragged2e/ragged2e.sty
Package: ragged2e 2021/12/15 v3.1 ragged2e Package
\CenteringLeftskip=\skip71
\RaggedLeftLeftskip=\skip72
\RaggedRightLeftskip=\skip73
\CenteringRightskip=\skip74
\RaggedLeftRightskip=\skip75
\RaggedRightRightskip=\skip76
\CenteringParfillskip=\skip77
\RaggedLeftParfillskip=\skip78
\RaggedRightParfillskip=\skip79
\JustifyingParfillskip=\skip80
\CenteringParindent=\skip81
\RaggedLeftParindent=\skip82
\RaggedRightParindent=\skip83
\JustifyingParindent=\skip84
)
Package caption Info: float package is loaded.
Package caption Info: hyperref package is loaded.
Package caption Info: listings package is loaded.
Package caption Info: longtable package is loaded.

(/usr/share/texlive/texmf-dist/tex/latex/caption/ltcaption.sty
Package: ltcaption 2020/05/30 v1.4b longtable captions (AR)
)
Package caption Info: End \AtBeginDocument code.

(/usr/share/texlive/texmf-dist/tex/context/base/mkii/supp-pdf.mkii
[Loading MPS to PDF converter (version 2006.09.02).]
\scratchcounter=\count337
\scratchdimen=\dimen258
\scratchbox=\box73
\nofMPsegments=\count338
\nofMParguments=\count339
\everyMPshowfont=\toks44
\MPscratchCnt=\count340
\MPscratchDim=\dimen259
\MPnumerator=\count341
\makeMPintoPDFobject=\count342
\everyMPtoPDFconversion=\toks45
) (/usr/share/texlive/texmf-dist/tex/latex/epstopdf-pkg/epstopdf-base.sty
Package: epstopdf-base 2020-01-24 v2.11 Base part for package epstopdf
Package epstopdf-base Info: Redefining graphics rule for `.eps' on input line 4
85.

(/usr/share/texlive/texmf-dist/tex/latex/latexconfig/epstopdf-sys.cfg
File: epstopdf-sys.cfg 2010/07/13 v1.3 Configuration of (r)epstopdf for TeX Liv
e
))
\c@lstlisting=\count343
LaTeX Info: Redefining \th on input line 65.
\c@mv@tabular=\count344
\c@mv@boldtabular=\count345
Package hyperref Info: Link coloring OFF on input line 65.

(/usr/share/texlive/texmf-dist/tex/latex/hyperref/nameref.sty
Package: nameref 2021-04-02 v2.47 Cross-referencing by name of section

(/usr/share/texlive/texmf-dist/tex/latex/refcount/refcount.sty
Package: refcount 2019/12/15 v3.6 Data extraction from label references (HO)
)
(/usr/share/texlive/texmf-dist/tex/generic/gettitlestring/gettitlestring.sty
Package: gettitlestring 2019/12/15 v1.6 Cleanup title references (HO)
)
\c@section@level=\count346
)
LaTeX Info: Redefining \ref on input line 65.
LaTeX Info: Redefining \pageref on input line 65.
LaTeX Info: Redefining \nameref on input line 65.

(./work.out) (./work.out)
\@outlinefile=\write5
\openout5 = `work.out'.

LaTeX Font Info:    Font shape `T2A/Tempora-TLF/b/n' will be
(Font)              scaled to size 14.4pt on input line 129.
LaTeX Font Info:    Trying to load font information for U+msa on input line 129
.

(/usr/share/texlive/texmf-dist/tex/latex/amsfonts/umsa.fd
File: umsa.fd 2013/01/14 v3.01 AMS symbols A
)
LaTeX Font Info:    Trying to load font information for U+msb on input line 129
.

(/usr/share/texlive/texmf-dist/tex/latex/amsfonts/umsb.fd
File: umsb.fd 2013/01/14 v3.01 AMS symbols B
) [1

{/var/lib/texmf/fonts/map/pdftex/updmap/pdftex.map}] [2] (./work.toc [3

])
\tf@toc=\write6
\openout6 = `work.toc'.

 [4]
LaTeX Font Info:    Font shape `T2A/Tempora-TLF/m/n' will be
(Font)              scaled to size 10.0pt on input line 156.
 [5

]

Package hyperref Warning: Difference (2) between bookmark levels is greater 
(hyperref)                than one, level fixed on input line 175.

LaTeX Font Info:    Font shape `T2A/Tempora-TLF/m/n' will be
(Font)              scaled to size 12.0pt on input line 177.
LaTeX Font Info:    Font shape `T2A/Tempora-TLF/b/n' will be
(Font)              scaled to size 12.0pt on input line 178.
LaTeX Font Info:    Trying to load font information for TS1+Tempora-TLF on inpu
t line 185.
(/usr/share/texlive/texmf-dist/tex/latex/tempora/TS1Tempora-TLF.fd
File: TS1Tempora-TLF.fd 2016/02/02 (autoinst) Font definitions for TS1/Tempora-
TLF.
)
LaTeX Font Info:    Font shape `TS1/Tempora-TLF/m/n' will be
(Font)              scaled to size 12.0pt on input line 185.
 [6

]
Missing character: There is no   in font Tempora-Regular-TLF-t2a!
Missing character: There is no   in font Tempora-Regular-TLF-t2a!
[7

]
Missing character: There is no   in font Tempora-Regular-TLF-t2a!
Missing character: There is no   in font Tempora-Regular-TLF-t2a!
Missing character: There is no   in font Tempora-Regular-TLF-t2a!
Missing character: There is no   in font Tempora-Regular-TLF-t2a!
Missing character: There is no   in font Tempora-Regular-TLF-t2a!
[8]
Missing character: There is no   in font Tempora-Regular-TLF-t2a!
Missing character: There is no   in font Tempora-Regular-TLF-t2a!
Missing character: There is no   in font Tempora-Regular-TLF-t2a!
Missing character: There is no   in font Tempora-Regular-TLF-t2a!
[9] [10]
Missing character: There is no   in font Tempora-Regular-TLF-t2a!
[11] [12]
Missing character: There is no   in font Tempora-Regular-TLF-t2a!
[13] [14]
Missing character: There is no   in font Tempora-Regular-TLF-t2a!
Missing character: There is no   in font Tempora-Regular-TLF-t2a!
[15

] [16] [17]

LaTeX Warning: `h' float specifier changed to `ht'.


LaTeX Warning: `h' float specifier changed to `ht'.

[18] [19] [20] [21] [22] [23] [24

] [25] [26]
! Missing $ inserted.
<inserted text> 
                $
l.1175 
       
I've inserted a begin-math/end-math symbol since I think
you left one out. Proceed, with fingers crossed.

! Display math should end with $$.
<to be read again> 
                   \tex_par:D 
l.1175 
       
The `$' that I just saw supposedly matches a previous `$$'.
So I shall assume that you typed `$$' both times.

! Missing $ inserted.
<inserted text> 
                $
l.1176 \begin{cases}
                    
I've inserted a begin-math/end-math symbol since I think
you left one out. Proceed, with fingers crossed.

! Missing $ inserted.
<inserted text> 
                $
l.1180 \end{cases}
                   $$,
I've inserted something that you may have forgotten.
(See the <inserted text> above.)
With luck, this will get me unwedged. But if you
really didn't forget anything, try typing `2' now; then
my insertion and my current dilemma will both disappear.

! Missing $ inserted.
<inserted text> 
                $
l.1181 
       
I've inserted a begin-math/end-math symbol since I think
you left one out. Proceed, with fingers crossed.

! Display math should end with $$.
<to be read again> 
                   \tex_par:D 
l.1181 
       
The `$' that I just saw supposedly matches a previous `$$'.
So I shall assume that you typed `$$' both times.

[27] [28] [29]
LaTeX Font Info:    Font shape `T2A/Tempora-TLF/m/it' will be
(Font)              scaled to size 12.0pt on input line 1317.

Overfull \hbox (23.86935pt too wide) in paragraph at lines 1333--1341
 [][] 
 []

[30] [31

]
Overfull \hbox (5.90811pt too wide) in paragraph at lines 1425--1426
[][][][][][][][][][][][][][][][][][][][][] 
 []

[32] [33]
No file work.bbl.
[34

]
Underfull \hbox (badness 10000) in paragraph at lines 1524--1524
\T2A/Tempora-TLF/m/n/10 modelled
 []


Underfull \hbox (badness 10000) in paragraph at lines 1524--1525
[]|\T2A/Tempora-TLF/m/n/10 Number
 []


Underfull \hbox (badness 10000) in paragraph at lines 1524--1525
\T2A/Tempora-TLF/m/n/10 of test
 []


Underfull \hbox (badness 10000) in paragraph at lines 1525--1526
[]|\T2A/Tempora-TLF/m/n/10 The
 []


Underfull \hbox (badness 10000) in paragraph at lines 1525--1526
\T2A/Tempora-TLF/m/n/10 pass-fail
 []


Underfull \hbox (badness 10000) in paragraph at lines 1526--1526
[]|\T2A/Tempora-TLF/m/n/10 The
 []


Overfull \hbox (1.16725pt too wide) in paragraph at lines 1526--1526
\T2A/Tempora-TLF/m/n/10 volume
 []


Underfull \hbox (badness 10000) in paragraph at lines 1526--1526
\T2A/Tempora-TLF/m/n/10 of
 []


Underfull \hbox (badness 10000) in paragraph at lines 1526--1526
\T2A/Tempora-TLF/m/n/10 found
 []


Underfull \hbox (badness 10000) in paragraph at lines 1526--1527
[]|\T2A/Tempora-TLF/m/n/10 The
 []


Underfull \hbox (badness 10000) in paragraph at lines 1526--1527
\T2A/Tempora-TLF/m/n/10 masked
 []


Underfull \hbox (badness 10000) in paragraph at lines 1528--1530
[]|\T2A/Tempora-TLF/m/n/10 CPU
 []


Overfull \hbox (2.95723pt too wide) in paragraph at lines 1528--1530
\T2A/Tempora-TLF/m/n/10 running
 []


Underfull \hbox (badness 10000) in paragraph at lines 1528--1530
\T2A/Tempora-TLF/m/n/10 time,
 []


LaTeX Warning: File `fig2.png' not found on input line 1556.


! Package pdftex.def Error: File `fig2.png' not found: using draft setting.

See the pdftex.def package documentation for explanation.
Type  H <return>  for immediate help.
 ...                                              
                                                  
l.1556 	\includegraphics[width=6cm]{fig2.png}
                                             
Try typing  <return>  to proceed.
If that doesn't work, type  X <return>  to quit.

LaTeX Font Info:    Trying to load font information for T2A+pcr on input line 1
556.
LaTeX Font Info:    No file T2Apcr.fd. on input line 1556.

LaTeX Font Warning: Font shape `T2A/pcr/m/n' undefined
(Font)              using `T2A/cmr/m/n' instead on input line 1556.

[35

]
Runaway argument?
fo \ETC.
! Paragraph ended before \FV@GetKeyValues was complete.
<to be read again> 
                   \par 
l.1578 
       
I suspect you've forgotten a `}', causing me to apply this
control sequence to too much text. How can we recover?
My plan is to forget the whole thing and hope for the best.

LaTeX Font Info:    Font shape `TS1/Tempora-TLF/m/n' will be
(Font)              scaled to size 14.4pt on input line 1579.
LaTeX Font Info:    Trying to load font information for OT1+Tempora-TLF on inpu
t line 1579.
(/usr/share/texlive/texmf-dist/tex/latex/tempora/OT1Tempora-TLF.fd
File: OT1Tempora-TLF.fd 2016/02/02 (autoinst) Font definitions for OT1/Tempora-
TLF.
)
LaTeX Font Info:    Font shape `OT1/Tempora-TLF/m/n' will be
(Font)              scaled to size 14.4pt on input line 1579.

Overfull \hbox (71.28593pt too wide) in paragraph at lines 1579--1580
\T2A/Tempora-TLF/m/n/14.4 \TS1/Tempora-TLF/m/n/14.4 \T2A/Tempora-TLF/m/n/14.4
 []\TS1/Tempora-TLF/m/n/14.4 \T2A/Tempora-TLF/m/n/14.4 j \TS1/Tempora
-TLF/m/n/14.4 \T2A/Tempora-TLF/m/n/14.4 \TS1/Tempora-TLF/m/n/14.4 \T2A/Tem
pora-TLF/m/n/14.4 \TS1/Tempora-TLF/m/n/14.4 \T2A/Tempora-TLF/m/n/14.4 \TS1
/Tempora-TLF/m/n/14.4 \T2A/Tempora-TLF/m/n/14.4 \TS1/Tempora-TLF/m/n/14.4 \T
2A/Tempora-TLF/m/n/14.4 [] $\OML/cmm/m/it/14.4 n$\T2A/Tempora-TLF/m/n/14.4 ,
 \TS1/Tempora-TLF/m/n/14.4  \T2A/Tempora-TLF/m/n/14.4 \TS1/Tempora-T
LF/m/n/14.4 \T2A/Tempora-TLF/m/n/14.4 \TS1/Tempora-TLF/m/n/14.4 \T2A/Tempora
-TLF/m/n/14.4 [][]I \TS1/Tempora-TLF/m/n/14.4 \T2A/Tempora-TLF/m/n/14
.4 []\TS1/Tempora-TLF/m/n/14.4 \T2A/Tempora-TLF/m/n/14.4 I[]...
 []


Overfull \hbox (11.8045pt too wide) in paragraph at lines 1581--1582
[]\T2A/Tempora-TLF/m/n/14.4 [][]\TS1/Tempora-TLF/m/n/14.4  \T2A/Tem
pora-TLF/m/n/14.4 j\TS1/Tempora-TLF/m/n/14.4 \T2A/Tempora-TLF/m/n/14.4 []
\TS1/Tempora-TLF/m/n/14.4 \T2A/Tempora-TLF/m/n/14.4 [] \TS1/Tempora-TLF
/m/n/14.4 \T2A/Tempora-TLF/m/n/14.4 []\TS1/Tempora-TLF/m/n/14.4 \T2A/Tempor
a-TLF/m/n/14.4  ...\TS1/Tempora-TLF/m/n/14.4 \T2A/Tempora-TLF/m/n/14.4
 [][]
 []


Overfull \hbox (5.37329pt too wide) in paragraph at lines 1581--1582
\T2A/Tempora-TLF/m/n/14.4 I \TS1/Tempora-TLF/m/n/14.4 \T2A/Tempora-TLF/m/n
/14.4 \TS1/Tempora-TLF/m/n/14.4 \T2A/Tempora-TLF/m/n/14.4 \TS1/Tempora-TLF/m
/n/14.4 \T2A/Tempora-TLF/m/n/14.4 [][]I\TS1/Tempora-TLF/m/n/14.4  \T2A/T
empora-TLF/m/n/14.4 I[]j\TS1/Tempora-TLF/m/n/14.4 \T2A/Tempora-TLF/m/n/
14.4 i j\TS1/Tempora-TLF/m/n/14.4 \T2A/Tempora-TLF/m/n/14.4 [][]
I\TS1/Tempora-TLF/m/n/14.4  $\OML/cmm/m/it/14.4 n \OMS/cmsy/m/n/14.4 ^^B 
\OML/cmm/m/it/14.4 n$\T2A/Tempora-TLF/m/n/14.4 . `[]\TS1/Tempora-TLF/m/n/
14.4 \T2A/Tempora-TLF/m/n/14.4 j
 []


Overfull \hbox (15.44154pt too wide) in paragraph at lines 1581--1582
\T2A/Tempora-TLF/m/n/14.4 \TS1/Tempora-TLF/m/n/14.4 \T2A/Tempora-TLF/m/n/14
.4 \TS1/Tempora-TLF/m/n/14.4 \T2A/Tempora-TLF/m/n/14.4 \TS1/Tempora-TLF/
m/n/14.4 \T2A/Tempora-TLF/m/n/14.4 \TS1/Tempora-TLF/m/n/14.4 \T2A/Tempora-TL
F/m/n/14.4 \TS1/Tempora-TLF/m/n/14.4 \T2A/Tempora-TLF/m/n/14.4 [] []\TS1
/Tempora-TLF/m/n/14.4 \T2A/Tempora-TLF/m/n/14.4  j\TS1/Tempora-TLF/m/n
/14.4 \T2A/Tempora-TLF/m/n/14.4 [][]I a.  \TS1/Tempora-TLF/m/n/14.4 
\T2A/Tempora-TLF/m/n/14.4 \TS1/Tempora-TLF/m/n/14.4 \T2A/Tempora-TLF/m/n/14.4
 \TS1/Tempora-TLF/m/n/14.4 \T2A/Tempora-TLF/m/n/14.4 \TS1/Tempora-TLF/m/n/
14.4 \T2A/Tempora-TLF/m/n/14.4 \TS1/Tempora-TLF/m/n/14.4 \T2A/Tempora-TLF/m/
n/14.4 []\TS1/Tempora-TLF/m/n/14.4 
 []


Overfull \hbox (53.17415pt too wide) in paragraph at lines 1581--1582
\T2A/Tempora-TLF/m/n/14.4 j\TS1/Tempora-TLF/m/n/14.4 \T2A/Tempora-TLF/m/n/14
.4 []\TS1/Tempora-TLF/m/n/14.4 \T2A/Tempora-TLF/m/n/14.4 [] \TS1/Tem
pora-TLF/m/n/14.4  \T2A/Tempora-TLF/m/n/14.4 [][][] ...\TS1/Tempor
a-TLF/m/n/14.4 \T2A/Tempora-TLF/m/n/14.4 [] []\TS1/Tempora-TLF/m/n/14
.4 \T2A/Tempora-TLF/m/n/14.4 j [][]\TS1/Tempora-TLF/m/n/14.4 
\T2A/Tempora-TLF/m/n/14.4 j
 []


Overfull \hbox (15.40392pt too wide) in paragraph at lines 1581--1582
\T2A/Tempora-TLF/m/n/14.4 \TS1/Tempora-TLF/m/n/14.4 \T2A/Tempora-TLF/m/n/14
.4 j[], []\TS1/Tempora-TLF/m/n/14.4 \T2A/Tempora-TLF/m/n/14.4 
 \TS1/Tempora-TLF/m/n/14.4 \T2A/Tempora-TLF/m/n/14.4 []\TS1/Tempora-TL
F/m/n/14.4 \T2A/Tempora-TLF/m/n/14.4 [] \TS1/Tempora-TLF/m/n/14.4 \T2A/Temp
ora-TLF/m/n/14.4 \TS1/Tempora-TLF/m/n/14.4 \T2A/Tempora-TLF/m/n/14.4 []
\TS1/Tempora-TLF/m/n/14.4  \T2A/Tempora-TLF/m/n/14.4 I []Ij
 []


Overfull \hbox (160.03412pt too wide) in paragraph at lines 1583--1584
[]\T2A/Tempora-TLF/m/n/14.4  \TS1/Tempora-TLF/m/n/14.4  \T2A/Tempor
a-TLF/m/n/14.4 I\TS1/Tempora-TLF/m/n/14.4 \T2A/Tempora-TLF/m/n/14.4 \TS
1/Tempora-TLF/m/n/14.4 \T2A/Tempora-TLF/m/n/14.4 []I \TS1/Tempora-T
LF/m/n/14.4 \T2A/Tempora-TLF/m/n/14.4 [][]\TS1/Tempora-TLF/m/n/14.4 \T2
A/Tempora-TLF/m/n/14.4 I\TS1/Tempora-TLF/m/n/14.4 \T2A/Tempora-TLF/m/n/14.
4  \TS1/Tempora-TLF/m/n/14.4 \T2A/Tempora-TLF/m/n/14.4 \TS1/Tempora-
TLF/m/n/14.4 \T2A/Tempora-TLF/m/n/14.4 \TS1/Tempora-TLF/m/n/14.4 \T2A/Temp
ora-TLF/m/n/14.4 \TS1/Tempora-TLF/m/n/14.4 \T2A/Tempora-TLF/m/n/14.4 \TS1/Te
mpora-TLF/m/n/14.4 \T2A/Tempora-TLF/m/n/14.4 []...
 []


Overfull \hbox (40.40076pt too wide) in paragraph at lines 1583--1584
\T2A/Tempora-TLF/m/n/14.4 j\TS1/Tempora-TLF/m/n/14.4 \T2A/Tempora-TLF/m/n/14
.4 []\TS1/Tempora-TLF/m/n/14.4  \T2A/Tempora-TLF/m/n/14.4 I \TS1/Tem
pora-TLF/m/n/14.4 \T2A/Tempora-TLF/m/n/14.4 j[] j[]\TS1/Tem
pora-TLF/m/n/14.4 \T2A/Tempora-TLF/m/n/14.4 \TS1/Tempora-TLF/m/n/14.4  \T2
A/Tempora-TLF/m/n/14.4 ^^V I I\TS1/Tempora-TLF/m/n/14.4  \T2A/Tempora-T
LF/m/n/14.4 []\TS1/Tempora-TLF/m/n/14.4 \T2A/Tempora-TLF/m/n/14.4 ...
 []


Overfull \hbox (11.71045pt too wide) in paragraph at lines 1583--1584
\T2A/Tempora-TLF/m/n/14.4 j\TS1/Tempora-TLF/m/n/14.4 \T2A/Tempora-TLF/m/n/14
.4 [][]II: [][]\T2A/pcr/m/n/14.4 column[]\T2A/Tempora-TLF/m/n/14.4 , 
[][]\T2A/pcr/m/n/14.4 value []\T2A/Tempora-TLF/m/n/14.4  [][]\T2A/pcr/m/n/14.
4 rowIndex[]\T2A/Tempora-TLF/m/n/14.4 .  \TS1/Tempora-TLF/m/n/14.4 \T2A/Temp
ora-TLF/m/n/14.4 \TS1/Tempora-TLF/m/n/14.4 \T2A/Tempora-TLF/m/n/14.4 j\TS1/
Tempora-TLF/m/n/14.4 \T2A/Tempora-TLF/m/n/14.4 [] j\TS1/Tempora-TLF/m/n/1
4.4 \T2A/Tempora-TLF/m/n/14.4 [][]II
 []


Overfull \hbox (50.12376pt too wide) in paragraph at lines 1583--1584
\T2A/Tempora-TLF/m/n/14.4 []\TS1/Tempora-TLF/m/n/14.4 \T2A/Tempora-TLF/m/n/
14.4 []\TS1/Tempora-TLF/m/n/14.4 \T2A/Tempora-TLF/m/n/14.4 I[]\TS1/T
empora-TLF/m/n/14.4  \T2A/Tempora-TLF/m/n/14.4 []\TS1/Tempora-TLF/m/n/14.
4 \T2A/Tempora-TLF/m/n/14.4 j\TS1/Tempora-TLF/m/n/14.4 \T2A/Tempora-TLF/m/n
/14.4 [][] j\TS1/Tempora-TLF/m/n/14.4 \T2A/Tempora-TLF/m/n/14.4 []
\TS1/Tempora-TLF/m/n/14.4 \T2A/Tempora-TLF/m/n/14.4 [] $\OML/cmm/m/it/14.4 A$
 \T2A/Tempora-TLF/m/n/14.4 ...\TS1/Tempora-TLF/m/n/14.4 \T2A/Tempora-TLF/m
/n/14.4 [][]
 []


Overfull \hbox (106.13368pt too wide) in paragraph at lines 1583--1584
\T2A/Tempora-TLF/m/n/14.4 []\TS1/Tempora-TLF/m/n/14.4 \T2A/Tempora-TL
F/m/n/14.4 I\TS1/Tempora-TLF/m/n/14.4 \T2A/Tempora-TLF/m/n/14.4 []\TS1
/Tempora-TLF/m/n/14.4 \T2A/Tempora-TLF/m/n/14.4   [][]\T
S1/Tempora-TLF/m/n/14.4 \T2A/Tempora-TLF/m/n/14.4 j I [][]... j\TS1/
Tempora-TLF/m/n/14.4 \T2A/Tempora-TLF/m/n/14.4 [][]I\TS1/Tempora-TLF/m
/n/14.4 \T2A/Tempora-TLF/m/n/14.4 ....
 []


Overfull \hbox (67.23373pt too wide) in paragraph at lines 1583--1584
\T2A/Tempora-TLF/m/n/14.4 []j []\TS1/Tempora-TLF/m/n/14.4 \
T2A/Tempora-TLF/m/n/14.4 \TS1/Tempora-TLF/m/n/14.4 \T2A/Tempora-TLF/m/n/14.
4 [][] [][]\T2A/pcr/m/n/14.4 i[]\T2A/Tempora-TLF/m/n/14.4 - \TS1/Te
mpora-TLF/m/n/14.4 \T2A/Tempora-TLF/m/n/14.4 []\TS1/Tempora-TLF/m/n/14.
4 \T2A/Tempora-TLF/m/n/14.4 I []\TS1/Tempora-TLF/m/n/14.4 \T2A/Temp
ora-TLF/m/n/14.4 j\TS1/Tempora-TLF/m/n/14.4 \T2A/Tempora-TLF/m/n/14.4 [],

 []


Overfull \hbox (65.83304pt too wide) in paragraph at lines 1583--1584
\T2A/Tempora-TLF/m/n/14.4 \TS1/Tempora-TLF/m/n/14.4  [][]\T2A/pcr/m/n/14.4 va
lue[i] []\T2A/Tempora-TLF/m/n/14.4 ^^V \TS1/Tempora-TLF/m/n/14.4 \T2A/Tempora
-TLF/m/n/14.4 i I\TS1/Tempora-TLF/m/n/14.4 \T2A/Tempora-TLF/m/n/14.4 
\TS1/Tempora-TLF/m/n/14.4 \T2A/Tempora-TLF/m/n/14.4 []. \TS1/Tempora
-TLF/m/n/14.4 \T2A/Tempora-TLF/m/n/14.4 [][]I [][]\T2A/pcr/m/n/14.4 row
Index[i] []\T2A/Tempora-TLF/m/n/14.4 []\TS1/Tempora-TLF/m/n/14.4 \T2A/T
empora-TLF/m/n/14.4 \TS1/Tempora-TLF/m/n/14.4 \T2A/Tempora-TLF/m/n/14.4 
[] I
 []


Overfull \hbox (43.49951pt too wide) in paragraph at lines 1583--1584
\T2A/Tempora-TLF/m/n/14.4 []\TS1/Tempora-TLF/m/n/14.4 \T2A/Tempora-TLF/m/n/
14.4 \TS1/Tempora-TLF/m/n/14.4 \T2A/Tempora-TLF/m/n/14.4 \TS1/Tempora-TLF/m/
n/14.4  \T2A/Tempora-TLF/m/n/14.4 \TS1/Tempora-TLF/m/n/14.4 \T2A/Tempo
ra-TLF/m/n/14.4 [] \TS1/Tempora-TLF/m/n/14.4 \T2A/Tempora-TLF/m/n/14.4 
Ii \TS1/Tempora-TLF/m/n/14.4 \T2A/Tempora-TLF/m/n/14.4 []\TS
1/Tempora-TLF/m/n/14.4 \T2A/Tempora-TLF/m/n/14.4 Ii []\TS1/Tempora-
TLF/m/n/14.4 \T2A/Tempora-TLF/m/n/14.4 j\TS1/Tempora-TLF/m/n/14.4 \T2A/Temp
ora-TLF/m/n/14.4 []\TS1/Tempora-TLF/m/n/14.4 
 []

Missing character: There is no ^^X in font Tempora-Regular-TLF-t2a!

Overfull \hbox (28.07509pt too wide) in paragraph at lines 1585--1586
[]\T2A/Tempora-TLF/m/n/14.4 ^^Q j\TS1/Tempora-TLF/m/n/14.4 \T2A/T
empora-TLF/m/n/14.4 \TS1/Tempora-TLF/m/n/14.4  \T2A/Tempora-TLF/m/n/14.4 
\TS1/Tempora-TLF/m/n/14.4 \T2A/Tempora-TLF/m/n/14.4 [][]j[]j []
\TS1/Tempora-TLF/m/n/14.4 \T2A/Tempora-TLF/m/n/14.4 []%[]
 []

[36

]
LaTeX Font Info:    Font shape `OT1/Tempora-TLF/m/n' will be
(Font)              scaled to size 12.0pt on input line 1600.

Overfull \hbox (246.63239pt too wide) in paragraph at lines 1598--1608
[]\T2A/Tempora-TLF/m/n/14.4 \TS1/Tempora-TLF/m/n/14.4 \T2A/Tempora-TLF/m/n/
14.4 [][]I[] [][]\T2A/pcr/m/n/14.4 column[]\T2A/Tempora-TLF/m/n/14.4 , 
[][]\T2A/pcr/m/n/14.4 value []\T2A/Tempora-TLF/m/n/14.4  [][]\T2A/pcr/m/n/14.
4 rowIndex []\T2A/Tempora-TLF/m/n/14.4  [][] j\TS1/Tempora-TLF/m
/n/14.4 \T2A/Tempora-TLF/m/n/14.4 []\TS1/Tempora-TLF/m/n/14.4 \T2A/Temp
ora-TLF/m/n/14.4 [] \TS1/Tempora-TLF/m/n/14.4 \T2A/Tempora-TLF/m/n/14.4 
[][]\TS1/Tempora-TLF/m/n/14.4 \T2A/Tempora-TLF/m/n/14.4 I\TS1/Tempor
a-TLF/m/n/14.4 \T2A/Tempora-TLF/m/n/14.4 [] I
 []


Overfull \hbox (17.00073pt too wide) in paragraph at lines 1609--1610
[]\T2A/Tempora-TLF/m/n/14.4 []\TS1/Tempora-TLF/m/n/14.4 \T2A/Tempora-TLF/m/
n/14.4 \TS1/Tempora-TLF/m/n/14.4 \T2A/Tempora-TLF/m/n/14.4 I\TS1/Tempora-
TLF/m/n/14.4 \T2A/Tempora-TLF/m/n/14.4 [][][] I\TS1/Tempora-TLF/m/n/
14.4 \T2A/Tempora-TLF/m/n/14.4 []  I\TS1/Tempora-TLF/m/n/14.4 \T2A
/Tempora-TLF/m/n/14.4 [] \TS1/Tempora-TLF/m/n/14.4 \T2A/Tempora-TL
F/m/n/14.4 I
 []


Overfull \hbox (43.35265pt too wide) in paragraph at lines 1609--1610
\T2A/Tempora-TLF/m/n/14.4 \TS1/Tempora-TLF/m/n/14.4 \T2A/Tempora-TLF/m/n/14.4
 \TS1/Tempora-TLF/m/n/14.4 \T2A/Tempora-TLF/m/n/14.4 [][] ...\TS1/Te
mpora-TLF/m/n/14.4 \T2A/Tempora-TLF/m/n/14.4 [][] I I\TS1/Temp
ora-TLF/m/n/14.4  \T2A/Tempora-TLF/m/n/14.4 j\TS1/Tempora-TLF/m/n/14.4 \T2A
/Tempora-TLF/m/n/14.4 [][]II \TS1/Tempora-TLF/m/n/14.4 \T2A/Tempo
ra-TLF/m/n/14.4 \TS1/Tempora-TLF/m/n/14.4 \T2A/Tempora-TLF/m/n/14.4 j\TS1/T
empora-TLF/m/n/14.4 \T2A/Tempora-TLF/m/n/14.4 \TS1/Tempora-TLF/m/n/14.4 
 []


Overfull \hbox (69.36758pt too wide) in paragraph at lines 1609--1610
\OML/cmm/m/it/14.4 n$\T2A/Tempora-TLF/m/n/14.4 . \TS1/Tempora-TLF/m/n/14.4 
\T2A/Tempora-TLF/m/n/14.4 [][]I \TS1/Tempora-TLF/m/n/14.4 \T2A/Tempo
ra-TLF/m/n/14.4 \TS1/Tempora-TLF/m/n/14.4 \T2A/Tempora-TLF/m/n/14.4 I\TS1
/Tempora-TLF/m/n/14.4 \T2A/Tempora-TLF/m/n/14.4 [][]i I\TS1/Tempor
a-TLF/m/n/14.4 \T2A/Tempora-TLF/m/n/14.4 []\TS1/Tempora-TLF/m/n/14.4 
 \T2A/Tempora-TLF/m/n/14.4 \TS1/Tempora-TLF/m/n/14.4 \T2A/Tempora-TLF/m/n/1
4.4 \TS1/Tempora-TLF/m/n/14.4 \T2A/Tempora-TLF/m/n/14.4 \TS1/Tempora-TLF
/m/n/14.4 \T2A/Tempora-TLF/m/n/14.4 \TS1/Tempora-TLF/m/n/14.4 \T2A/Tempora-T
LF/m/n/14.4 \TS1/Tempora-TLF/m/n/14.4 \T2A/Tempora-TLF/m/n/14.4 [] [][]\T2
A/pcr/m/n/14.4 x[]\T2A/Tempora-TLF/m/n/14.4 ,
 []

[37] (./work.aux)

LaTeX Font Warning: Some font shapes were not available, defaults substituted.

Package rerunfilecheck Info: File `work.out' has not changed.
(rerunfilecheck)             Checksum: A2A9BBE4009224C25A5A9C2770C7EEC6;10926.
 ) 
Here is how much of TeX's memory you used:
 22498 strings out of 479721
 367194 string characters out of 5887697
 728004 words of memory out of 5000000
 39214 multiletter control sequences out of 15000+600000
 500592 words of font info for 77 fonts, out of 8000000 for 9000
 430 hyphenation exceptions out of 8191
 75i,10n,81p,2085b,1888s stack positions out of 5000i,500n,10000p,200000b,80000s
 </home/kiras/.texlive2021/texmf-var/fonts/pk/ljfour/lh/lh-t2a/larm1200.600pk
>{/usr/share/texlive/texmf-dist/fonts/enc/dvips/tempora/tmp_q3dzgc.enc} </home/
kiras/.texlive2021/texmf-var/fonts/pk/ljfour/lh/lh-t2a/larm1440.600pk>{/usr/sha
re/texlive/texmf-dist/fonts/enc/dvips/tempora/t2a-tempora.enc}{/usr/share/texli
ve/texmf-dist/fonts/enc/dvips/tempora/tmp_ac5xuc.enc}</usr/share/texlive/texmf-
dist/fonts/type1/public/tempora/Tempora-Bold.pfb></usr/share/texlive/texmf-dist
/fonts/type1/public/tempora/Tempora-Italic.pfb></usr/share/texlive/texmf-dist/f
onts/type1/public/tempora/Tempora-Regular.pfb></usr/share/texlive/texmf-dist/fo
nts/type1/public/amsfonts/cm/cmex10.pfb></usr/share/texlive/texmf-dist/fonts/ty
pe1/public/amsfonts/cm/cmmi10.pfb></usr/share/texlive/texmf-dist/fonts/type1/pu
blic/amsfonts/cm/cmmi12.pfb></usr/share/texlive/texmf-dist/fonts/type1/public/a
msfonts/cm/cmmi6.pfb></usr/share/texlive/texmf-dist/fonts/type1/public/amsfonts
/cm/cmmi7.pfb></usr/share/texlive/texmf-dist/fonts/type1/public/amsfonts/cm/cmr
10.pfb></usr/share/texlive/texmf-dist/fonts/type1/public/amsfonts/cm/cmr12.pfb>
</usr/share/texlive/texmf-dist/fonts/type1/public/amsfonts/cm/cmr7.pfb></usr/sh
are/texlive/texmf-dist/fonts/type1/public/amsfonts/cm/cmsy10.pfb>
Output written on work.pdf (37 pages, 290895 bytes).
PDF statistics:
 1482 PDF objects out of 1728 (max. 8388607)
 1358 compressed objects within 14 object streams
 853 named destinations out of 1000 (max. 500000)
 377 words of extra memory for PDF output out of 10000 (max. 10000000)

